[09:27:06:313]\\?\hid#dell09c2&col02#5&bc4dc33&0&0001#{4d1e55b2-f16f-11cf-88cb-001111000030}
[09:27:06:313]\\?\hid#vid_046d&pid_0acb&mi_03&col04#7&328e42bb&0&0003#{4d1e55b2-f16f-11cf-88cb-001111000030}
[09:27:06:321]\\?\hid#vid_ffff&pid_bace&rev_0002&mi_00&col03#3&258c3fbc&0&0002#{4d1e55b2-f16f-11cf-88cb-001111000030}
[09:27:06:321]\\?\hid#dell09c2&col03#5&bc4dc33&0&0002#{4d1e55b2-f16f-11cf-88cb-001111000030}
[09:27:06:321]\\?\hid#vid_ffff&pid_bace&rev_0002&mi_00&col04#3&258c3fbc&0&0003#{4d1e55b2-f16f-11cf-88cb-001111000030}
[09:27:06:321]\\?\hid#intc816&col01#3&207f9b7f&0&0000#{4d1e55b2-f16f-11cf-88cb-001111000030}
[09:27:06:321]\\?\hid#vid_ffff&pid_bace&rev_0002&mi_00&col05#3&258c3fbc&0&0004#{4d1e55b2-f16f-11cf-88cb-001111000030}
[09:27:06:321]\\?\hid#intc816&col02#3&207f9b7f&0&0001#{4d1e55b2-f16f-11cf-88cb-001111000030}
[09:27:06:321]\\?\hid#vid_ffff&pid_bace&rev_0002&mi_00&col01#3&258c3fbc&0&0000#{4d1e55b2-f16f-11cf-88cb-001111000030}\kbd
[09:27:06:321]\\?\hid#converteddevice&col02#5&17bac0a6&0&0001#{4d1e55b2-f16f-11cf-88cb-001111000030}
[09:27:06:321]\\?\hid#converteddevice&col03#5&17bac0a6&0&0002#{4d1e55b2-f16f-11cf-88cb-001111000030}
[09:27:06:321]\\?\hid#dell09c2&col04#5&bc4dc33&0&0003#{4d1e55b2-f16f-11cf-88cb-001111000030}
[09:27:06:321]\\?\hid#{00001812-0000-1000-8000-00805f9b34fb}_dev_vid&0232c2_pid&0001_rev&0068_ccb624cd66b1#9&326e3aae&0&0000#{4d1e55b2-f16f-11cf-88cb-001111000030}
[09:27:06:321]\\?\hid#dell09c2&col05#5&bc4dc33&0&0004#{4d1e55b2-f16f-11cf-88cb-001111000030}
[09:27:06:321]\\?\hid#vid_ffff&pid_bace&rev_0002&mi_00&col02#3&258c3fbc&0&0001#{4d1e55b2-f16f-11cf-88cb-001111000030}\kbd
[09:27:06:321]\\?\hid#converteddevice&col01#5&17bac0a6&0&0000#{4d1e55b2-f16f-11cf-88cb-001111000030}\kbd
[09:27:06:321]\\?\hid#dell09c2&col01#5&bc4dc33&0&0000#{4d1e55b2-f16f-11cf-88cb-001111000030}
[09:27:06:321]\\?\hid#vid_046d&pid_0acb&mi_03&col01#7&328e42bb&0&0000#{4d1e55b2-f16f-11cf-88cb-001111000030}
[09:27:06:321]\\?\hid#vid_046d&pid_0acb&mi_03&col02#7&328e42bb&0&0001#{4d1e55b2-f16f-11cf-88cb-001111000030}
[09:27:06:321]\\?\hid#vid_046d&pid_0acb&mi_03&col03#7&328e42bb&0&0002#{4d1e55b2-f16f-11cf-88cb-001111000030}
[09:27:06:329]connect_auto_select
[09:27:06:329]\\?\hid#dell09c2&col02#5&bc4dc33&0&0001#{4d1e55b2-f16f-11cf-88cb-001111000030}
[09:27:06:329]\\?\hid#vid_046d&pid_0acb&mi_03&col04#7&328e42bb&0&0003#{4d1e55b2-f16f-11cf-88cb-001111000030}
[09:27:06:329]\\?\hid#vid_ffff&pid_bace&rev_0002&mi_00&col03#3&258c3fbc&0&0002#{4d1e55b2-f16f-11cf-88cb-001111000030}
[09:27:06:329]\\?\hid#dell09c2&col03#5&bc4dc33&0&0002#{4d1e55b2-f16f-11cf-88cb-001111000030}
[09:27:06:329]\\?\hid#vid_ffff&pid_bace&rev_0002&mi_00&col04#3&258c3fbc&0&0003#{4d1e55b2-f16f-11cf-88cb-001111000030}
[09:27:06:329]\\?\hid#intc816&col01#3&207f9b7f&0&0000#{4d1e55b2-f16f-11cf-88cb-001111000030}
[09:27:06:329]\\?\hid#vid_ffff&pid_bace&rev_0002&mi_00&col05#3&258c3fbc&0&0004#{4d1e55b2-f16f-11cf-88cb-001111000030}
[09:27:06:329]\\?\hid#intc816&col02#3&207f9b7f&0&0001#{4d1e55b2-f16f-11cf-88cb-001111000030}
[09:27:06:329]\\?\hid#vid_ffff&pid_bace&rev_0002&mi_00&col01#3&258c3fbc&0&0000#{4d1e55b2-f16f-11cf-88cb-001111000030}\kbd
[09:27:06:329]\\?\hid#converteddevice&col02#5&17bac0a6&0&0001#{4d1e55b2-f16f-11cf-88cb-001111000030}
[09:27:06:329]\\?\hid#converteddevice&col03#5&17bac0a6&0&0002#{4d1e55b2-f16f-11cf-88cb-001111000030}
[09:27:06:329]\\?\hid#dell09c2&col04#5&bc4dc33&0&0003#{4d1e55b2-f16f-11cf-88cb-001111000030}
[09:27:06:329]\\?\hid#{00001812-0000-1000-8000-00805f9b34fb}_dev_vid&0232c2_pid&0001_rev&0068_ccb624cd66b1#9&326e3aae&0&0000#{4d1e55b2-f16f-11cf-88cb-001111000030}
[09:27:06:329]\\?\hid#dell09c2&col05#5&bc4dc33&0&0004#{4d1e55b2-f16f-11cf-88cb-001111000030}
[09:27:06:329]\\?\hid#vid_ffff&pid_bace&rev_0002&mi_00&col02#3&258c3fbc&0&0001#{4d1e55b2-f16f-11cf-88cb-001111000030}\kbd
[09:27:06:329]\\?\hid#converteddevice&col01#5&17bac0a6&0&0000#{4d1e55b2-f16f-11cf-88cb-001111000030}\kbd
[09:27:06:337]\\?\hid#dell09c2&col01#5&bc4dc33&0&0000#{4d1e55b2-f16f-11cf-88cb-001111000030}
[09:27:06:337]\\?\hid#vid_046d&pid_0acb&mi_03&col01#7&328e42bb&0&0000#{4d1e55b2-f16f-11cf-88cb-001111000030}
[09:27:06:337]\\?\hid#vid_046d&pid_0acb&mi_03&col02#7&328e42bb&0&0001#{4d1e55b2-f16f-11cf-88cb-001111000030}
[09:27:06:337]\\?\hid#vid_046d&pid_0acb&mi_03&col03#7&328e42bb&0&0002#{4d1e55b2-f16f-11cf-88cb-001111000030}
[09:27:06:337]id=VID=046D,PID=0ACB
[09:27:06:337]	caps.InputReportByteLength=21
[09:27:06:337]	caps.OutputReportByteLength=3
[09:27:06:337]	attributes.VendorID=0x46D
[09:27:06:337]	attributes.ProductID=0xACB
[09:27:06:345]	SerialNumberString=202105190004
[09:27:06:345]	ManufacturerString=Logitech G series
[09:27:06:345]	ProductString=G435 Wireless Gaming Headset
[09:27:06:345]CloseHandleX
[09:27:06:345]id=VID=FFFF,PID=BACE
[09:27:06:345]	getCaps=null
[09:27:06:345]CloseHandleX
[09:27:06:345]id=VID=FFFF,PID=BACE
[09:27:06:345]	getCaps=null
[09:27:06:345]CloseHandleX
[09:27:06:345]id=VID=FFFF,PID=BACE
[09:27:06:345]	getCaps=null
[09:27:06:345]CloseHandleX
[09:27:06:345]id=VID=FFFF,PID=BACE
[09:27:06:345]	getCaps=null
[09:27:06:345]CloseHandleX
[09:27:06:345]id=VID=FFFF,PID=BACE
[09:27:06:345]	getCaps=null
[09:27:06:345]CloseHandleX
[09:27:06:345]id=VID=046D,PID=0ACB
[09:27:06:345]	getCaps=null
[09:27:06:345]CloseHandleX
[09:27:06:345]id=VID=046D,PID=0ACB
[09:27:06:345]	caps.InputReportByteLength=5
[09:27:06:345]	caps.OutputReportByteLength=0
[09:27:06:345]	attributes.VendorID=0x46D
[09:27:06:345]	attributes.ProductID=0xACB
[09:27:06:345]	SerialNumberString=202105190004
[09:27:06:345]	ManufacturerString=Logitech G series
[09:27:06:345]	ProductString=G435 Wireless Gaming Headset
[09:27:06:345]CloseHandleX
[09:27:06:355]id=VID=046D,PID=0ACB
[09:27:06:355]	caps.InputReportByteLength=8
[09:27:06:355]	caps.OutputReportByteLength=515
[09:27:06:355]	attributes.VendorID=0x46D
[09:27:06:355]	attributes.ProductID=0xACB
[09:27:06:355]	SerialNumberString=202105190004
[09:27:06:355]	ManufacturerString=Logitech G series
[09:27:06:355]	ProductString=G435 Wireless Gaming Headset
[09:27:06:355]CloseHandleX
[09:27:06:355]try_path=\\?\hid#vid_046d&pid_0acb&mi_03&col03#7&328e42bb&0&0002#{4d1e55b2-f16f-11cf-88cb-001111000030}
[09:27:06:355]CreateFile_ing=\\?\hid#vid_046d&pid_0acb&mi_03&col03#7&328e42bb&0&0002#{4d1e55b2-f16f-11cf-88cb-001111000030}
[09:27:06:355]CreateFile_ok=1608
[09:27:06:355]HidD_GetPreparsedData_ok=True
[09:27:06:355]HidP_GetCaps_ok=1114112
[09:27:06:355]	InputReportByteLength=8
[09:27:06:355]	OutputReportByteLength=515
[09:27:06:365]create_FileStream_ok
[09:27:06:375]rtk_RX_thread_start
[09:27:06:375]rtk_RX_thread.waiting...
[09:27:06:375]report__len=515
[09:27:06:375]report_data=06-01-03-00-00-00-00-00-00-00-00-00-00-00-00-00-00-00-00-00-00-00-00-00-00-00-00-00-00-00-00-00-00-00-00-00-00-00-00-00-00-00-00-00-00-00-00-00-00-00-00-00-00-00-00-00-00-00-00-00-00-00-00-00-00-00-00-00-00-00-00-00-00-00-00-00-00-00-00-00-00-00-00-00-00-00-00-00-00-00-00-00-00-00-00-00-00-00-00-00-00-00-00-00-00-00-00-00-00-00-00-00-00-00-00-00-00-00-00-00-00-00-00-00-00-00-00-00-00-00-00-00-00-00-00-00-00-00-00-00-00-00-00-00-00-00-00-00-00-00-00-00-00-00-00-00-00-00-00-00-00-00-00-00-00-00-00-00-00-00-00-00-00-00-00-00-00-00-00-00-00-00-00-00-00-00-00-00-00-00-00-00-00-00-00-00-00-00-00-00-00-00-00-00-00-00-00-00-00-00-00-00-00-00-00-00-00-00-00-00-00-00-00-00-00-00-00-00-00-00-00-00-00-00-00-00-00-00-00-00-00-00-00-00-00-00-00-00-00-00-00-00-00-00-00-00-00-00-00-00-00-00-00-00-00-00-00-00-00-00-00-00-00-00-00-00-00-00-00-00-00-00-00-00-00-00-00-00-00-00-00-00-00-00-00-00-00-00-00-00-00-00-00-00-00-00-00-00-00-00-00-00-00-00-00-00-00-00-00-00-00-00-00-00-00-00-00-00-00-00-00-00-00-00-00-00-00-00-00-00-00-00-00-00-00-00-00-00-00-00-00-00-00-00-00-00-00-00-00-00-00-00-00-00-00-00-00-00-00-00-00-00-00-00-00-00-00-00-00-00-00-00-00-00-00-00-00-00-00-00-00-00-00-00-00-00-00-00-00-00-00-00-00-00-00-00-00-00-00-00-00-00-00-00-00-00-00-00-00-00-00-00-00-00-00-00-00-00-00-00-00-00-00-00-00-00-00-00-00-00-00-00-00-00-00-00-00-00-00-00-00-00-00-00-00-00-00-00-00-00-00-00-00-00-00-00-00-00-00-00-00-00-00-00-00-00-00-00-00-00-00-00-00-00-00-00-00-00-00-00-00-00-00-00-00-00-00-00-00-00-00-00-00-00-00-00-00-00-00-00-00-00-00-00-00
[09:27:06:385]HidD_SetOutputReport_Enter_bootloader=True
[09:27:06:405][HID_TX_ack]06-5A-00-00-00-00-00-00
[09:27:06:405]path_connected=\\?\hid#vid_046d&pid_0acb&mi_03&col03#7&328e42bb&0&0002#{4d1e55b2-f16f-11cf-88cb-001111000030}
[09:27:06:415]pooling_start
[09:27:06:445]pooling_HidD_GetFeature=True,rx_len=0
[09:27:06:445][HID_TX]06-04-03-13-00-50-41-06-01-0D-00-25-34-12-5A-5A-01-00-00-00-F0-00-00-00-00-00-00-00-00-00-00-00-00-00-00-00-00-00-00-00-00-00-00-00-00-00-00-00-00-00-00-00-00-00-00-00-00-00-00-00-00-00-00-00-00-00-00-00-00-00-00-00-00-00-00-00-00-00-00-00-00-00-00-00-00-00-00-00-00-00-00-00-00-00-00-00-00-00-00-00-00-00-00-00-00-00-00-00-00-00-00-00-00-00-00-00-00-00-00-00-00-00-00-00-00-00-00-00-00-00-00-00-00-00-00-00-00-00-00-00-00-00-00-00-00-00-00-00-00-00-00-00-00-00-00-00-00-00-00-00-00-00-00-00-00-00-00-00-00-00-00-00-00-00-00-00-00-00-00-00-00-00-00-00-00-00-00-00-00-00-00-00-00-00-00-00-00-00-00-00-00-00-00-00-00-00-00-00-00-00-00-00-00-00-00-00-00-00-00-00-00-00-00-00-00-00-00-00-00-00-00-00-00-00-00-00-00-00-00-00-00-00-00-00-00-00-00-00-00-00-00-00-00-00-00-00-00-00-00-00-00-00-00-00-00-00-00-00-00-00-00-00-00-00-00-00-00-00-00-00-00-00-00-00-00-00-00-00-00-00-00-00-00-00-00-00-00-00-00-00-00-00-00-00-00-00-00-00-00-00-00-00-00-00-00-00-00-00-00-00-00-00-00-00-00-00-00-00-00-00-00-00-00-00-00-00-00-00-00-00-00-00-00-00-00-00-00-00-00-00-00-00-00-00-00-00-00-00-00-00-00-00-00-00-00-00-00-00-00-00-00-00-00-00-00-00-00-00-00-00-00-00-00-00-00-00-00-00-00-00-00-00-00-00-00-00-00-00-00-00-00-00-00-00-00-00-00-00-00-00-00-00-00-00-00-00-00-00-00-00-00-00-00-00-00-00-00-00-00-00-00-00-00-00-00-00-00-00-00-00-00-00-00-00-00-00-00-00-00-00-00-00-00-00-00-00-00-00-00-00-00-00-00-00-00-00-00-00-00-00-00-00-00-00-00-00-00-00-00-00-00-00-00-00-00-00-00-00-00-00-00-00-00-00-00-00-00-00-00-00-00-00-00-00-00-00-00-00-00-00-00-00-00-00-00
[09:27:06:455]HidD_SetOutputReport=True
[09:27:06:465][HID_TX_ack]06-5A-00-00-00-00-00-00
[09:27:06:465]50-41-06-01-0D-00-25-34-12-5A-5A-01-00-00-00-F0-00-00-00 [CMD_SENT][OTA_CMD_IOCTL][READ_MAX_LEN=240]
[09:27:06:485]HidD_GetFeature=True,rx_len=17
[09:27:06:485][HID_RX]06-50-49-01-C0-90-41-00-00-07-00-06-81-00-F0-00-00-00-FF-FF-FF-FF-FF-FF-FF-FF-FF-FF-FF-FF-FF-FF-FF-FF-FF-FF-FF-FF-FF-FF-FF-FF-FF-FF-FF-FF-FF-FF-FF-FF-FF-FF-FF-FF-FF-FF-FF-FF-FF-FF-FF-FF-FF-11
[09:27:06:485][HID_RX_data]50-49-01-C0-90-41-00-00-07-00-06-81-00-F0-00-00-00
[09:27:06:505]50-49-01-C0-90-41-00-00-07-00-06-81-00-F0-00-00-00
[09:27:06:505]hasPulse=True
[09:27:06:505]rtk_RX_thread.waiting...
[09:27:11:915]pooling_start
[09:27:11:935]pooling_HidD_GetFeature=True,rx_len=0
[09:27:11:935][HID_TX]06-04-03-06-00-50-41-0E-02-01-E0-00-00-00-00-00-00-00-00-00-00-00-00-00-00-00-00-00-00-00-00-00-00-00-00-00-00-00-00-00-00-00-00-00-00-00-00-00-00-00-00-00-00-00-00-00-00-00-00-00-00-00-00-00-00-00-00-00-00-00-00-00-00-00-00-00-00-00-00-00-00-00-00-00-00-00-00-00-00-00-00-00-00-00-00-00-00-00-00-00-00-00-00-00-00-00-00-00-00-00-00-00-00-00-00-00-00-00-00-00-00-00-00-00-00-00-00-00-00-00-00-00-00-00-00-00-00-00-00-00-00-00-00-00-00-00-00-00-00-00-00-00-00-00-00-00-00-00-00-00-00-00-00-00-00-00-00-00-00-00-00-00-00-00-00-00-00-00-00-00-00-00-00-00-00-00-00-00-00-00-00-00-00-00-00-00-00-00-00-00-00-00-00-00-00-00-00-00-00-00-00-00-00-00-00-00-00-00-00-00-00-00-00-00-00-00-00-00-00-00-00-00-00-00-00-00-00-00-00-00-00-00-00-00-00-00-00-00-00-00-00-00-00-00-00-00-00-00-00-00-00-00-00-00-00-00-00-00-00-00-00-00-00-00-00-00-00-00-00-00-00-00-00-00-00-00-00-00-00-00-00-00-00-00-00-00-00-00-00-00-00-00-00-00-00-00-00-00-00-00-00-00-00-00-00-00-00-00-00-00-00-00-00-00-00-00-00-00-00-00-00-00-00-00-00-00-00-00-00-00-00-00-00-00-00-00-00-00-00-00-00-00-00-00-00-00-00-00-00-00-00-00-00-00-00-00-00-00-00-00-00-00-00-00-00-00-00-00-00-00-00-00-00-00-00-00-00-00-00-00-00-00-00-00-00-00-00-00-00-00-00-00-00-00-00-00-00-00-00-00-00-00-00-00-00-00-00-00-00-00-00-00-00-00-00-00-00-00-00-00-00-00-00-00-00-00-00-00-00-00-00-00-00-00-00-00-00-00-00-00-00-00-00-00-00-00-00-00-00-00-00-00-00-00-00-00-00-00-00-00-00-00-00-00-00-00-00-00-00-00-00-00-00-00-00-00-00-00-00-00-00-00-00-00-00-00-00-00-00-00-00-00-00-00-00-00-00-00-00-00-00-00-00-00-00
[09:27:11:955]HidD_SetOutputReport=True
[09:27:11:965][HID_TX_ack]06-5A-00-00-00-00-00-00
[09:27:11:965]50-41-0E-02-01-E0 [CMD_SENT][REMOTE_GET_MODE]
[09:27:11:985]HidD_GetFeature=True,rx_len=13
[09:27:11:985][HID_RX]06-50-49-01-C0-74-53-00-00-03-00-0E-82-00-FF-FF-FF-FF-FF-FF-FF-FF-FF-FF-FF-FF-FF-FF-FF-FF-FF-FF-FF-FF-FF-FF-FF-FF-FF-FF-FF-FF-FF-FF-FF-FF-FF-FF-FF-FF-FF-FF-FF-FF-FF-FF-FF-FF-FF-FF-FF-FF-FF-0D
[09:27:11:985][HID_RX_data]50-49-01-C0-74-53-00-00-03-00-0E-82-00
[09:27:11:985]50-49-01-C0-74-53-00-00-03-00-0E-82-00
[09:27:11:985]hasPulse=False
[09:27:12:015]HidD_GetFeature=True,rx_len=12
[09:27:12:015][HID_RX]06-50-49-0E-C2-00-00-00-00-02-00-E0-00-FF-FF-FF-FF-FF-FF-FF-FF-FF-FF-FF-FF-FF-FF-FF-FF-FF-FF-FF-FF-FF-FF-FF-FF-FF-FF-FF-FF-FF-FF-FF-FF-FF-FF-FF-FF-FF-FF-FF-FF-FF-FF-FF-FF-FF-FF-FF-FF-FF-FF-0C
[09:27:12:015][HID_RX_data]50-49-0E-C2-00-00-00-00-02-00-E0-00
[09:27:12:015]50-49-0E-C2-00-00-00-00-02-00-E0-00-
[09:27:12:015]REMOTE_GET_MODE=00
[09:27:12:015]hasPulse=True
[09:27:12:015]rtk_RX_thread.waiting...
[09:27:12:015][HID_TX]06-04-03-08-00-50-41-06-03-02-00-43-C2-00-00-00-00-00-00-00-00-00-00-00-00-00-00-00-00-00-00-00-00-00-00-00-00-00-00-00-00-00-00-00-00-00-00-00-00-00-00-00-00-00-00-00-00-00-00-00-00-00-00-00-00-00-00-00-00-00-00-00-00-00-00-00-00-00-00-00-00-00-00-00-00-00-00-00-00-00-00-00-00-00-00-00-00-00-00-00-00-00-00-00-00-00-00-00-00-00-00-00-00-00-00-00-00-00-00-00-00-00-00-00-00-00-00-00-00-00-00-00-00-00-00-00-00-00-00-00-00-00-00-00-00-00-00-00-00-00-00-00-00-00-00-00-00-00-00-00-00-00-00-00-00-00-00-00-00-00-00-00-00-00-00-00-00-00-00-00-00-00-00-00-00-00-00-00-00-00-00-00-00-00-00-00-00-00-00-00-00-00-00-00-00-00-00-00-00-00-00-00-00-00-00-00-00-00-00-00-00-00-00-00-00-00-00-00-00-00-00-00-00-00-00-00-00-00-00-00-00-00-00-00-00-00-00-00-00-00-00-00-00-00-00-00-00-00-00-00-00-00-00-00-00-00-00-00-00-00-00-00-00-00-00-00-00-00-00-00-00-00-00-00-00-00-00-00-00-00-00-00-00-00-00-00-00-00-00-00-00-00-00-00-00-00-00-00-00-00-00-00-00-00-00-00-00-00-00-00-00-00-00-00-00-00-00-00-00-00-00-00-00-00-00-00-00-00-00-00-00-00-00-00-00-00-00-00-00-00-00-00-00-00-00-00-00-00-00-00-00-00-00-00-00-00-00-00-00-00-00-00-00-00-00-00-00-00-00-00-00-00-00-00-00-00-00-00-00-00-00-00-00-00-00-00-00-00-00-00-00-00-00-00-00-00-00-00-00-00-00-00-00-00-00-00-00-00-00-00-00-00-00-00-00-00-00-00-00-00-00-00-00-00-00-00-00-00-00-00-00-00-00-00-00-00-00-00-00-00-00-00-00-00-00-00-00-00-00-00-00-00-00-00-00-00-00-00-00-00-00-00-00-00-00-00-00-00-00-00-00-00-00-00-00-00-00-00-00-00-00-00-00-00-00-00-00-00-00-00-00-00-00-00-00-00-00-00-00-00-00-00-00-00-00
[09:27:12:035]HidD_SetOutputReport=True
[09:27:12:035][HID_TX_ack]06-5A-00-00-00-00-00-00
[09:27:12:035]50-41-06-03-02-00-43-C2 [CMD_SENT][CMD_READ_MP_DATA_BY_ID]
[09:27:12:055]HidD_GetFeature=True,rx_len=15
[09:27:12:055][HID_RX]06-50-49-01-C0-90-53-00-00-05-00-06-83-00-30-33-FF-FF-FF-FF-FF-FF-FF-FF-FF-FF-FF-FF-FF-FF-FF-FF-FF-FF-FF-FF-FF-FF-FF-FF-FF-FF-FF-FF-FF-FF-FF-FF-FF-FF-FF-FF-FF-FF-FF-FF-FF-FF-FF-FF-FF-FF-FF-0F
[09:27:12:055][HID_RX_data]50-49-01-C0-90-53-00-00-05-00-06-83-00-30-33
[09:27:12:055]50-49-01-C0-90-53-00-00-05-00-06-83-00-30-33
[09:27:12:055]hasPulse=True
[09:27:12:055]rtk_RX_thread.waiting...
