[18:05:21:330]\\?\hid#dell09c2&col02#5&bc4dc33&0&0001#{4d1e55b2-f16f-11cf-88cb-001111000030}
[18:05:21:330]\\?\hid#vid_ffff&pid_bace&rev_0002&mi_00&col03#3&258c3fbc&0&0002#{4d1e55b2-f16f-11cf-88cb-001111000030}
[18:05:21:330]\\?\hid#dell09c2&col03#5&bc4dc33&0&0002#{4d1e55b2-f16f-11cf-88cb-001111000030}
[18:05:21:330]\\?\hid#vid_ffff&pid_bace&rev_0002&mi_00&col04#3&258c3fbc&0&0003#{4d1e55b2-f16f-11cf-88cb-001111000030}
[18:05:21:330]\\?\hid#intc816&col01#3&207f9b7f&0&0000#{4d1e55b2-f16f-11cf-88cb-001111000030}
[18:05:21:330]\\?\hid#vid_ffff&pid_bace&rev_0002&mi_00&col05#3&258c3fbc&0&0004#{4d1e55b2-f16f-11cf-88cb-001111000030}
[18:05:21:340]\\?\hid#intc816&col02#3&207f9b7f&0&0001#{4d1e55b2-f16f-11cf-88cb-001111000030}
[18:05:21:340]\\?\hid#vid_ffff&pid_bace&rev_0002&mi_00&col01#3&258c3fbc&0&0000#{4d1e55b2-f16f-11cf-88cb-001111000030}\kbd
[18:05:21:340]\\?\hid#converteddevice&col02#5&17bac0a6&0&0001#{4d1e55b2-f16f-11cf-88cb-001111000030}
[18:05:21:340]\\?\hid#converteddevice&col03#5&17bac0a6&0&0002#{4d1e55b2-f16f-11cf-88cb-001111000030}
[18:05:21:340]\\?\hid#dell09c2&col04#5&bc4dc33&0&0003#{4d1e55b2-f16f-11cf-88cb-001111000030}
[18:05:21:340]\\?\hid#{00001812-0000-1000-8000-00805f9b34fb}_dev_vid&0232c2_pid&0001_rev&0068_ccb624cd66b1#9&326e3aae&0&0000#{4d1e55b2-f16f-11cf-88cb-001111000030}
[18:05:21:340]\\?\hid#dell09c2&col05#5&bc4dc33&0&0004#{4d1e55b2-f16f-11cf-88cb-001111000030}
[18:05:21:340]\\?\hid#vid_ffff&pid_bace&rev_0002&mi_00&col02#3&258c3fbc&0&0001#{4d1e55b2-f16f-11cf-88cb-001111000030}\kbd
[18:05:21:340]\\?\hid#converteddevice&col01#5&17bac0a6&0&0000#{4d1e55b2-f16f-11cf-88cb-001111000030}\kbd
[18:05:21:340]\\?\hid#dell09c2&col01#5&bc4dc33&0&0000#{4d1e55b2-f16f-11cf-88cb-001111000030}
[18:05:21:340]\\?\hid#vid_046d&pid_0acb&mi_03&col01#7&177c37f5&0&0000#{4d1e55b2-f16f-11cf-88cb-001111000030}
[18:05:21:340]\\?\hid#vid_046d&pid_0acb&mi_03&col02#7&177c37f5&0&0001#{4d1e55b2-f16f-11cf-88cb-001111000030}
[18:05:21:340]\\?\hid#vid_046d&pid_0acb&mi_03&col03#7&177c37f5&0&0002#{4d1e55b2-f16f-11cf-88cb-001111000030}
[18:05:21:340]\\?\hid#vid_046d&pid_0acb&mi_03&col04#7&177c37f5&0&0003#{4d1e55b2-f16f-11cf-88cb-001111000030}
[18:05:21:340]connect_auto_select
[18:05:21:340]\\?\hid#dell09c2&col02#5&bc4dc33&0&0001#{4d1e55b2-f16f-11cf-88cb-001111000030}
[18:05:21:340]\\?\hid#vid_ffff&pid_bace&rev_0002&mi_00&col03#3&258c3fbc&0&0002#{4d1e55b2-f16f-11cf-88cb-001111000030}
[18:05:21:340]\\?\hid#dell09c2&col03#5&bc4dc33&0&0002#{4d1e55b2-f16f-11cf-88cb-001111000030}
[18:05:21:340]\\?\hid#vid_ffff&pid_bace&rev_0002&mi_00&col04#3&258c3fbc&0&0003#{4d1e55b2-f16f-11cf-88cb-001111000030}
[18:05:21:340]\\?\hid#intc816&col01#3&207f9b7f&0&0000#{4d1e55b2-f16f-11cf-88cb-001111000030}
[18:05:21:340]\\?\hid#vid_ffff&pid_bace&rev_0002&mi_00&col05#3&258c3fbc&0&0004#{4d1e55b2-f16f-11cf-88cb-001111000030}
[18:05:21:340]\\?\hid#intc816&col02#3&207f9b7f&0&0001#{4d1e55b2-f16f-11cf-88cb-001111000030}
[18:05:21:340]\\?\hid#vid_ffff&pid_bace&rev_0002&mi_00&col01#3&258c3fbc&0&0000#{4d1e55b2-f16f-11cf-88cb-001111000030}\kbd
[18:05:21:340]\\?\hid#converteddevice&col02#5&17bac0a6&0&0001#{4d1e55b2-f16f-11cf-88cb-001111000030}
[18:05:21:340]\\?\hid#converteddevice&col03#5&17bac0a6&0&0002#{4d1e55b2-f16f-11cf-88cb-001111000030}
[18:05:21:340]\\?\hid#dell09c2&col04#5&bc4dc33&0&0003#{4d1e55b2-f16f-11cf-88cb-001111000030}
[18:05:21:340]\\?\hid#{00001812-0000-1000-8000-00805f9b34fb}_dev_vid&0232c2_pid&0001_rev&0068_ccb624cd66b1#9&326e3aae&0&0000#{4d1e55b2-f16f-11cf-88cb-001111000030}
[18:05:21:340]\\?\hid#dell09c2&col05#5&bc4dc33&0&0004#{4d1e55b2-f16f-11cf-88cb-001111000030}
[18:05:21:340]\\?\hid#vid_ffff&pid_bace&rev_0002&mi_00&col02#3&258c3fbc&0&0001#{4d1e55b2-f16f-11cf-88cb-001111000030}\kbd
[18:05:21:340]\\?\hid#converteddevice&col01#5&17bac0a6&0&0000#{4d1e55b2-f16f-11cf-88cb-001111000030}\kbd
[18:05:21:340]\\?\hid#dell09c2&col01#5&bc4dc33&0&0000#{4d1e55b2-f16f-11cf-88cb-001111000030}
[18:05:21:340]\\?\hid#vid_046d&pid_0acb&mi_03&col01#7&177c37f5&0&0000#{4d1e55b2-f16f-11cf-88cb-001111000030}
[18:05:21:340]\\?\hid#vid_046d&pid_0acb&mi_03&col02#7&177c37f5&0&0001#{4d1e55b2-f16f-11cf-88cb-001111000030}
[18:05:21:340]\\?\hid#vid_046d&pid_0acb&mi_03&col03#7&177c37f5&0&0002#{4d1e55b2-f16f-11cf-88cb-001111000030}
[18:05:21:340]\\?\hid#vid_046d&pid_0acb&mi_03&col04#7&177c37f5&0&0003#{4d1e55b2-f16f-11cf-88cb-001111000030}
[18:05:21:340]id=VID=FFFF,PID=BACE
[18:05:21:340]	getCaps=null
[18:05:21:340]CloseHandleX
[18:05:21:340]id=VID=FFFF,PID=BACE
[18:05:21:340]	getCaps=null
[18:05:21:340]CloseHandleX
[18:05:21:340]id=VID=FFFF,PID=BACE
[18:05:21:340]	getCaps=null
[18:05:21:340]CloseHandleX
[18:05:21:340]id=VID=FFFF,PID=BACE
[18:05:21:340]	getCaps=null
[18:05:21:340]CloseHandleX
[18:05:21:340]id=VID=FFFF,PID=BACE
[18:05:21:340]	getCaps=null
[18:05:21:340]CloseHandleX
[18:05:21:340]id=VID=046D,PID=0ACB
[18:05:21:340]	getCaps=null
[18:05:21:340]CloseHandleX
[18:05:21:340]id=VID=046D,PID=0ACB
[18:05:21:340]	caps.InputReportByteLength=5
[18:05:21:340]	caps.OutputReportByteLength=0
[18:05:21:340]	attributes.VendorID=0x46D
[18:05:21:340]	attributes.ProductID=0xACB
[18:05:21:340]	SerialNumberString=202105190004
[18:05:21:340]	ManufacturerString=Logitech G series
[18:05:21:350]	ProductString=G435 Wireless Gaming Headset
[18:05:21:350]CloseHandleX
[18:05:21:350]id=VID=046D,PID=0ACB
[18:05:21:350]	caps.InputReportByteLength=8
[18:05:21:350]	caps.OutputReportByteLength=515
[18:05:21:350]	attributes.VendorID=0x46D
[18:05:21:350]	attributes.ProductID=0xACB
[18:05:21:350]	SerialNumberString=202105190004
[18:05:21:350]	ManufacturerString=Logitech G series
[18:05:21:350]	ProductString=G435 Wireless Gaming Headset
[18:05:21:350]CloseHandleX
[18:05:21:350]id=VID=046D,PID=0ACB
[18:05:21:350]	caps.InputReportByteLength=21
[18:05:21:350]	caps.OutputReportByteLength=3
[18:05:21:350]	attributes.VendorID=0x46D
[18:05:21:350]	attributes.ProductID=0xACB
[18:05:21:350]	SerialNumberString=202105190004
[18:05:21:350]	ManufacturerString=Logitech G series
[18:05:21:350]	ProductString=G435 Wireless Gaming Headset
[18:05:21:350]CloseHandleX
[18:05:21:350]try_path=\\?\hid#vid_046d&pid_0acb&mi_03&col03#7&177c37f5&0&0002#{4d1e55b2-f16f-11cf-88cb-001111000030}
[18:05:21:350]CreateFile_ing=\\?\hid#vid_046d&pid_0acb&mi_03&col03#7&177c37f5&0&0002#{4d1e55b2-f16f-11cf-88cb-001111000030}
[18:05:21:350]CreateFile_ok=1092
[18:05:21:350]HidD_GetPreparsedData_ok=True
[18:05:21:350]HidP_GetCaps_ok=1114112
[18:05:21:350]	InputReportByteLength=8
[18:05:21:350]	OutputReportByteLength=515
[18:05:21:350]create_FileStream_ok
[18:05:21:360]rtk_RX_thread_start
[18:05:21:360]rtk_RX_thread.waiting...
[18:05:21:360]report__len=515
[18:05:21:360]report_data=06-01-03-00-00-00-00-00-00-00-00-00-00-00-00-00-00-00-00-00-00-00-00-00-00-00-00-00-00-00-00-00-00-00-00-00-00-00-00-00-00-00-00-00-00-00-00-00-00-00-00-00-00-00-00-00-00-00-00-00-00-00-00-00-00-00-00-00-00-00-00-00-00-00-00-00-00-00-00-00-00-00-00-00-00-00-00-00-00-00-00-00-00-00-00-00-00-00-00-00-00-00-00-00-00-00-00-00-00-00-00-00-00-00-00-00-00-00-00-00-00-00-00-00-00-00-00-00-00-00-00-00-00-00-00-00-00-00-00-00-00-00-00-00-00-00-00-00-00-00-00-00-00-00-00-00-00-00-00-00-00-00-00-00-00-00-00-00-00-00-00-00-00-00-00-00-00-00-00-00-00-00-00-00-00-00-00-00-00-00-00-00-00-00-00-00-00-00-00-00-00-00-00-00-00-00-00-00-00-00-00-00-00-00-00-00-00-00-00-00-00-00-00-00-00-00-00-00-00-00-00-00-00-00-00-00-00-00-00-00-00-00-00-00-00-00-00-00-00-00-00-00-00-00-00-00-00-00-00-00-00-00-00-00-00-00-00-00-00-00-00-00-00-00-00-00-00-00-00-00-00-00-00-00-00-00-00-00-00-00-00-00-00-00-00-00-00-00-00-00-00-00-00-00-00-00-00-00-00-00-00-00-00-00-00-00-00-00-00-00-00-00-00-00-00-00-00-00-00-00-00-00-00-00-00-00-00-00-00-00-00-00-00-00-00-00-00-00-00-00-00-00-00-00-00-00-00-00-00-00-00-00-00-00-00-00-00-00-00-00-00-00-00-00-00-00-00-00-00-00-00-00-00-00-00-00-00-00-00-00-00-00-00-00-00-00-00-00-00-00-00-00-00-00-00-00-00-00-00-00-00-00-00-00-00-00-00-00-00-00-00-00-00-00-00-00-00-00-00-00-00-00-00-00-00-00-00-00-00-00-00-00-00-00-00-00-00-00-00-00-00-00-00-00-00-00-00-00-00-00-00-00-00-00-00-00-00-00-00-00-00-00-00-00-00-00-00-00-00-00-00-00-00-00-00-00-00-00-00-00-00-00-00-00-00-00-00-00-00-00-00-00-00-00-00-00-00-00-00-00-00-00-00-00-00
[18:05:21:370]HidD_SetOutputReport_Enter_bootloader=True
[18:05:21:370][HID_TX_ack]06-FE-00-00-00-00-00-00
[18:05:21:380][Enter_bootloader response fail : ][System.Exception]
[18:05:21:380]   於 TwsTester.Visitors.ClassExceptionVisitor.ListBridge(Boolean isfirst)
   於 TwsTester.Visitors.ClassExceptionVisitor.CalculateBridge(String ident)
[18:05:21:380]path_connected=\\?\hid#vid_046d&pid_0acb&mi_03&col03#7&177c37f5&0&0002#{4d1e55b2-f16f-11cf-88cb-001111000030}
[18:05:21:390]pooling_start
[18:05:21:410]pooling_HidD_GetFeature=True,rx_len=0
[18:05:21:410][HID_TX]06-04-03-13-00-50-41-06-01-0D-00-25-34-12-5A-5A-01-00-00-00-F0-00-00-00-00-00-00-00-00-00-00-00-00-00-00-00-00-00-00-00-00-00-00-00-00-00-00-00-00-00-00-00-00-00-00-00-00-00-00-00-00-00-00-00-00-00-00-00-00-00-00-00-00-00-00-00-00-00-00-00-00-00-00-00-00-00-00-00-00-00-00-00-00-00-00-00-00-00-00-00-00-00-00-00-00-00-00-00-00-00-00-00-00-00-00-00-00-00-00-00-00-00-00-00-00-00-00-00-00-00-00-00-00-00-00-00-00-00-00-00-00-00-00-00-00-00-00-00-00-00-00-00-00-00-00-00-00-00-00-00-00-00-00-00-00-00-00-00-00-00-00-00-00-00-00-00-00-00-00-00-00-00-00-00-00-00-00-00-00-00-00-00-00-00-00-00-00-00-00-00-00-00-00-00-00-00-00-00-00-00-00-00-00-00-00-00-00-00-00-00-00-00-00-00-00-00-00-00-00-00-00-00-00-00-00-00-00-00-00-00-00-00-00-00-00-00-00-00-00-00-00-00-00-00-00-00-00-00-00-00-00-00-00-00-00-00-00-00-00-00-00-00-00-00-00-00-00-00-00-00-00-00-00-00-00-00-00-00-00-00-00-00-00-00-00-00-00-00-00-00-00-00-00-00-00-00-00-00-00-00-00-00-00-00-00-00-00-00-00-00-00-00-00-00-00-00-00-00-00-00-00-00-00-00-00-00-00-00-00-00-00-00-00-00-00-00-00-00-00-00-00-00-00-00-00-00-00-00-00-00-00-00-00-00-00-00-00-00-00-00-00-00-00-00-00-00-00-00-00-00-00-00-00-00-00-00-00-00-00-00-00-00-00-00-00-00-00-00-00-00-00-00-00-00-00-00-00-00-00-00-00-00-00-00-00-00-00-00-00-00-00-00-00-00-00-00-00-00-00-00-00-00-00-00-00-00-00-00-00-00-00-00-00-00-00-00-00-00-00-00-00-00-00-00-00-00-00-00-00-00-00-00-00-00-00-00-00-00-00-00-00-00-00-00-00-00-00-00-00-00-00-00-00-00-00-00-00-00-00-00-00-00-00-00-00-00-00-00-00-00-00-00-00-00-00-00-00-00-00-00-00-00-00-00-00
[18:05:21:430]HidD_SetOutputReport=True
[18:05:21:430][HID_TX_ack]06-5A-00-00-00-00-00-00
[18:05:21:430]50-41-06-01-0D-00-25-34-12-5A-5A-01-00-00-00-F0-00-00-00 [CMD_SENT][OTA_CMD_IOCTL][READ_MAX_LEN=240]
[18:05:21:460]HidD_GetFeature=True,rx_len=17
[18:05:21:460][HID_RX]06-50-49-01-C0-90-D0-02-00-07-00-06-81-00-F0-00-00-00-FF-FF-FF-FF-FF-FF-FF-FF-FF-FF-FF-FF-FF-FF-FF-FF-FF-FF-FF-FF-FF-FF-FF-FF-FF-FF-FF-FF-FF-FF-FF-FF-FF-FF-FF-FF-FF-FF-FF-FF-FF-FF-FF-FF-FF-11
[18:05:21:460][HID_RX_data]50-49-01-C0-90-D0-02-00-07-00-06-81-00-F0-00-00-00
[18:05:21:470]50-49-01-C0-90-D0-02-00-07-00-06-81-00-F0-00-00-00
[18:05:21:470]hasPulse=True
[18:05:21:470]rtk_RX_thread.waiting...
[18:05:24:543]\\?\hid#dell09c2&col02#5&bc4dc33&0&0001#{4d1e55b2-f16f-11cf-88cb-001111000030}
[18:05:24:543]\\?\hid#vid_ffff&pid_bace&rev_0002&mi_00&col03#3&258c3fbc&0&0002#{4d1e55b2-f16f-11cf-88cb-001111000030}
[18:05:24:543]\\?\hid#dell09c2&col03#5&bc4dc33&0&0002#{4d1e55b2-f16f-11cf-88cb-001111000030}
[18:05:24:543]\\?\hid#vid_ffff&pid_bace&rev_0002&mi_00&col04#3&258c3fbc&0&0003#{4d1e55b2-f16f-11cf-88cb-001111000030}
[18:05:24:543]\\?\hid#intc816&col01#3&207f9b7f&0&0000#{4d1e55b2-f16f-11cf-88cb-001111000030}
[18:05:24:543]\\?\hid#vid_ffff&pid_bace&rev_0002&mi_00&col05#3&258c3fbc&0&0004#{4d1e55b2-f16f-11cf-88cb-001111000030}
[18:05:24:543]\\?\hid#intc816&col02#3&207f9b7f&0&0001#{4d1e55b2-f16f-11cf-88cb-001111000030}
[18:05:24:543]\\?\hid#vid_ffff&pid_bace&rev_0002&mi_00&col01#3&258c3fbc&0&0000#{4d1e55b2-f16f-11cf-88cb-001111000030}\kbd
[18:05:24:543]\\?\hid#converteddevice&col02#5&17bac0a6&0&0001#{4d1e55b2-f16f-11cf-88cb-001111000030}
[18:05:24:543]\\?\hid#converteddevice&col03#5&17bac0a6&0&0002#{4d1e55b2-f16f-11cf-88cb-001111000030}
[18:05:24:543]\\?\hid#dell09c2&col04#5&bc4dc33&0&0003#{4d1e55b2-f16f-11cf-88cb-001111000030}
[18:05:24:543]\\?\hid#{00001812-0000-1000-8000-00805f9b34fb}_dev_vid&0232c2_pid&0001_rev&0068_ccb624cd66b1#9&326e3aae&0&0000#{4d1e55b2-f16f-11cf-88cb-001111000030}
[18:05:24:543]\\?\hid#dell09c2&col05#5&bc4dc33&0&0004#{4d1e55b2-f16f-11cf-88cb-001111000030}
[18:05:24:543]\\?\hid#vid_ffff&pid_bace&rev_0002&mi_00&col02#3&258c3fbc&0&0001#{4d1e55b2-f16f-11cf-88cb-001111000030}\kbd
[18:05:24:543]\\?\hid#converteddevice&col01#5&17bac0a6&0&0000#{4d1e55b2-f16f-11cf-88cb-001111000030}\kbd
[18:05:24:543]\\?\hid#dell09c2&col01#5&bc4dc33&0&0000#{4d1e55b2-f16f-11cf-88cb-001111000030}
[18:05:24:543]\\?\hid#vid_046d&pid_0acb&mi_03&col01#7&177c37f5&0&0000#{4d1e55b2-f16f-11cf-88cb-001111000030}
[18:05:24:543]\\?\hid#vid_046d&pid_0acb&mi_03&col02#7&177c37f5&0&0001#{4d1e55b2-f16f-11cf-88cb-001111000030}
[18:05:24:543]\\?\hid#vid_046d&pid_0acb&mi_03&col03#7&177c37f5&0&0002#{4d1e55b2-f16f-11cf-88cb-001111000030}
[18:05:24:543]\\?\hid#vid_046d&pid_0acb&mi_03&col04#7&177c37f5&0&0003#{4d1e55b2-f16f-11cf-88cb-001111000030}
