[18:08:49:677]\\?\hid#dell09c2&col02#5&bc4dc33&0&0001#{4d1e55b2-f16f-11cf-88cb-001111000030}
[18:08:49:677]\\?\hid#vid_ffff&pid_bace&rev_0002&mi_00&col03#3&258c3fbc&0&0002#{4d1e55b2-f16f-11cf-88cb-001111000030}
[18:08:49:677]\\?\hid#dell09c2&col03#5&bc4dc33&0&0002#{4d1e55b2-f16f-11cf-88cb-001111000030}
[18:08:49:677]\\?\hid#vid_ffff&pid_bace&rev_0002&mi_00&col04#3&258c3fbc&0&0003#{4d1e55b2-f16f-11cf-88cb-001111000030}
[18:08:49:677]\\?\hid#intc816&col01#3&207f9b7f&0&0000#{4d1e55b2-f16f-11cf-88cb-001111000030}
[18:08:49:677]\\?\hid#vid_ffff&pid_bace&rev_0002&mi_00&col05#3&258c3fbc&0&0004#{4d1e55b2-f16f-11cf-88cb-001111000030}
[18:08:49:678]\\?\hid#intc816&col02#3&207f9b7f&0&0001#{4d1e55b2-f16f-11cf-88cb-001111000030}
[18:08:49:678]\\?\hid#vid_ffff&pid_bace&rev_0002&mi_00&col01#3&258c3fbc&0&0000#{4d1e55b2-f16f-11cf-88cb-001111000030}\kbd
[18:08:49:678]\\?\hid#converteddevice&col02#5&17bac0a6&0&0001#{4d1e55b2-f16f-11cf-88cb-001111000030}
[18:08:49:678]\\?\hid#converteddevice&col03#5&17bac0a6&0&0002#{4d1e55b2-f16f-11cf-88cb-001111000030}
[18:08:49:678]\\?\hid#dell09c2&col04#5&bc4dc33&0&0003#{4d1e55b2-f16f-11cf-88cb-001111000030}
[18:08:49:678]\\?\hid#{00001812-0000-1000-8000-00805f9b34fb}_dev_vid&0232c2_pid&0001_rev&0068_ccb624cd66b1#9&326e3aae&0&0000#{4d1e55b2-f16f-11cf-88cb-001111000030}
[18:08:49:678]\\?\hid#dell09c2&col05#5&bc4dc33&0&0004#{4d1e55b2-f16f-11cf-88cb-001111000030}
[18:08:49:678]\\?\hid#vid_ffff&pid_bace&rev_0002&mi_00&col02#3&258c3fbc&0&0001#{4d1e55b2-f16f-11cf-88cb-001111000030}\kbd
[18:08:49:678]\\?\hid#converteddevice&col01#5&17bac0a6&0&0000#{4d1e55b2-f16f-11cf-88cb-001111000030}\kbd
[18:08:49:678]\\?\hid#dell09c2&col01#5&bc4dc33&0&0000#{4d1e55b2-f16f-11cf-88cb-001111000030}
[18:08:49:678]\\?\hid#vid_046d&pid_0adf&mi_00#7&1ad2701a&0&0000#{4d1e55b2-f16f-11cf-88cb-001111000030}
[18:08:49:678]\\?\hid#vid_046d&pid_0adf&mi_04#7&38efbce7&0&0000#{4d1e55b2-f16f-11cf-88cb-001111000030}
[18:08:49:681]connect_auto_select
[18:08:49:682]\\?\hid#dell09c2&col02#5&bc4dc33&0&0001#{4d1e55b2-f16f-11cf-88cb-001111000030}
[18:08:49:682]\\?\hid#vid_ffff&pid_bace&rev_0002&mi_00&col03#3&258c3fbc&0&0002#{4d1e55b2-f16f-11cf-88cb-001111000030}
[18:08:49:682]\\?\hid#dell09c2&col03#5&bc4dc33&0&0002#{4d1e55b2-f16f-11cf-88cb-001111000030}
[18:08:49:682]\\?\hid#vid_ffff&pid_bace&rev_0002&mi_00&col04#3&258c3fbc&0&0003#{4d1e55b2-f16f-11cf-88cb-001111000030}
[18:08:49:682]\\?\hid#intc816&col01#3&207f9b7f&0&0000#{4d1e55b2-f16f-11cf-88cb-001111000030}
[18:08:49:682]\\?\hid#vid_ffff&pid_bace&rev_0002&mi_00&col05#3&258c3fbc&0&0004#{4d1e55b2-f16f-11cf-88cb-001111000030}
[18:08:49:682]\\?\hid#intc816&col02#3&207f9b7f&0&0001#{4d1e55b2-f16f-11cf-88cb-001111000030}
[18:08:49:682]\\?\hid#vid_ffff&pid_bace&rev_0002&mi_00&col01#3&258c3fbc&0&0000#{4d1e55b2-f16f-11cf-88cb-001111000030}\kbd
[18:08:49:682]\\?\hid#converteddevice&col02#5&17bac0a6&0&0001#{4d1e55b2-f16f-11cf-88cb-001111000030}
[18:08:49:682]\\?\hid#converteddevice&col03#5&17bac0a6&0&0002#{4d1e55b2-f16f-11cf-88cb-001111000030}
[18:08:49:682]\\?\hid#dell09c2&col04#5&bc4dc33&0&0003#{4d1e55b2-f16f-11cf-88cb-001111000030}
[18:08:49:682]\\?\hid#{00001812-0000-1000-8000-00805f9b34fb}_dev_vid&0232c2_pid&0001_rev&0068_ccb624cd66b1#9&326e3aae&0&0000#{4d1e55b2-f16f-11cf-88cb-001111000030}
[18:08:49:682]\\?\hid#dell09c2&col05#5&bc4dc33&0&0004#{4d1e55b2-f16f-11cf-88cb-001111000030}
[18:08:49:682]\\?\hid#vid_ffff&pid_bace&rev_0002&mi_00&col02#3&258c3fbc&0&0001#{4d1e55b2-f16f-11cf-88cb-001111000030}\kbd
[18:08:49:682]\\?\hid#converteddevice&col01#5&17bac0a6&0&0000#{4d1e55b2-f16f-11cf-88cb-001111000030}\kbd
[18:08:49:682]\\?\hid#dell09c2&col01#5&bc4dc33&0&0000#{4d1e55b2-f16f-11cf-88cb-001111000030}
[18:08:49:682]\\?\hid#vid_046d&pid_0adf&mi_00#7&1ad2701a&0&0000#{4d1e55b2-f16f-11cf-88cb-001111000030}
[18:08:49:682]\\?\hid#vid_046d&pid_0adf&mi_04#7&38efbce7&0&0000#{4d1e55b2-f16f-11cf-88cb-001111000030}
[18:08:49:682]id=VID=FFFF,PID=BACE
[18:08:49:683]	getCaps=null
[18:08:49:683]CloseHandleX
[18:08:49:683]id=VID=FFFF,PID=BACE
[18:08:49:683]	getCaps=null
[18:08:49:683]CloseHandleX
[18:08:49:683]id=VID=FFFF,PID=BACE
[18:08:49:683]	getCaps=null
[18:08:49:683]CloseHandleX
[18:08:49:683]id=VID=FFFF,PID=BACE
[18:08:49:683]	getCaps=null
[18:08:49:683]CloseHandleX
[18:08:49:683]id=VID=FFFF,PID=BACE
[18:08:49:683]	getCaps=null
[18:08:49:683]CloseHandleX
[18:08:49:683]id=VID=046D,PID=0ADF
[18:08:49:684]	caps.InputReportByteLength=65
[18:08:49:684]	caps.OutputReportByteLength=65
[18:08:49:684]	attributes.VendorID=0x46D
[18:08:49:684]	attributes.ProductID=0xADF
[18:08:49:684]	SerialNumberString=V001008005.1
[18:08:49:684]	ManufacturerString=砨ը௘
[18:08:49:684]	ProductString=G435 Wireless Gaming Headset
[18:08:49:684]CloseHandleX
[18:08:49:684]id=VID=046D,PID=0ADF
[18:08:49:684]	getCaps=null
[18:08:49:684]CloseHandleX
[18:08:49:685]try_path=\\?\hid#vid_046d&pid_0adf&mi_00#7&1ad2701a&0&0000#{4d1e55b2-f16f-11cf-88cb-001111000030}
[18:08:49:685]	InputReportByteLength=65
[18:08:49:685]	OutputReportByteLength=65
[18:08:49:686]HID_Connected=\\?\hid#vid_046d&pid_0adf&mi_00#7&1ad2701a&0&0000#{4d1e55b2-f16f-11cf-88cb-001111000030}
[18:08:49:686]ystech_read_fw_version
[18:08:49:687][HID_TX]00-84-01-D1-55-01-00-00-00-00-00-00-00-00-00-00-00-00-00-00-00-00-00-00-00-00-00-00-00-00-00-00-00-00-00-00-00-00-00-00-00-00-00-00-00-00-00-00-00-00-00-00-00-00-00-00-00-00-00-00-00-00-00-00-00
[18:08:49:689]HidD_GetInputReport=True
[18:08:49:689]reply_report=00-4F-56-31-2E-38-2E-35-2E-31-00-00-00-00-00-00-00-00-00-00-00-00-00-00-00-00-00-00-00-00-00-00-00-00-00-00-00-00-00-00-00-00-00-00-00-00-00-00-00-00-00-00-00-00-00-00-00-00-00-00-00-00-00-00-00
[18:08:49:689][ys_tech] fw_version=V1.8.5.1
[18:08:49:689]ystech_Power_Saving, is_EnablePowerSaving=False
[18:08:49:689][HID_TX]00-85-01-83-8B-01-00-00-00-00-00-00-00-00-00-00-00-00-00-00-00-00-00-00-00-00-00-00-00-00-00-00-00-00-00-00-00-00-00-00-00-00-00-00-00-00-00-00-00-00-00-00-00-00-00-00-00-00-00-00-00-00-00-00-00
[18:08:49:690]HidD_GetInputReport=True
[18:08:49:690]reply_report=00-4F-00-00-00-00-00-00-00-00-00-00-00-00-00-00-00-00-00-00-00-00-00-00-00-00-00-00-00-00-00-00-00-00-00-00-00-00-00-00-00-00-00-00-00-00-00-00-00-00-00-00-00-00-00-00-00-00-00-00-00-00-00-00-00
[18:08:49:690]HID_CMD_POWER_SAVING_Disable
[18:08:49:690]path_connected=\\?\hid#vid_046d&pid_0adf&mi_00#7&1ad2701a&0&0000#{4d1e55b2-f16f-11cf-88cb-001111000030}
[18:08:49:693][HID_TX]00-80-13-43-F6-50-41-06-01-0D-00-25-34-12-5A-5A-01-00-00-00-F0-00-00-00-00-00-00-00-00-00-00-00-00-00-00-00-00-00-00-00-00-00-00-00-00-00-00-00-00-00-00-00-00-00-00-00-00-00-00-00-00-00-00-00-00
[18:08:49:694]HidD_GetInputReport=True
[18:08:49:694]reply_report=00-4F-00-00-00-00-00-00-00-00-00-00-00-00-00-00-00-00-00-00-00-00-00-00-00-00-00-00-00-00-00-00-00-00-00-00-00-00-00-00-00-00-00-00-00-00-00-00-00-00-00-00-00-00-00-00-00-00-00-00-00-00-00-00-00
[18:08:49:694]50-41-06-01-0D-00-25-34-12-5A-5A-01-00-00-00-F0-00-00-00 [CMD_SENT][OTA_CMD_IOCTL][READ_MAX_LEN=240]
[18:08:49:699][HID_TX_ack]00-11-50-49-01-C0-8E-15-00-00-07-00-06-81-00-F0-00-00-00-8E-04-00-00-04-00-04-00-00-32-00-00-00-00-00-00-00-00-00-00-00-00-00-00-00-00-00-00-00-00-00-00-00-00-00-00-00-00-00-00-00-00-00-00-00-00
[18:08:49:711]50-49-01-C0-8E-15-00-00-07-00-06-81-00-F0-00-00-00
[18:08:53:047][HID_TX]00-80-06-4D-A2-50-41-0E-02-01-E3-00-00-00-00-00-00-00-00-00-00-00-00-00-00-00-00-00-00-00-00-00-00-00-00-00-00-00-00-00-00-00-00-00-00-00-00-00-00-00-00-00-00-00-00-00-00-00-00-00-00-00-00-00-00
[18:08:53:049]HidD_GetInputReport=True
[18:08:53:049]reply_report=00-4F-00-00-00-00-00-00-00-00-00-00-00-00-00-00-00-00-00-00-00-00-00-00-00-00-00-00-00-00-00-00-00-00-00-00-00-00-00-00-00-00-00-00-00-00-00-00-00-00-00-00-00-00-00-00-00-00-00-00-00-00-00-00-00
[18:08:53:049]50-41-0E-02-01-E3 [CMD_SENT][REMOTE_GET_CONNECT_STATUS]
[18:08:53:052][HID_TX_ack]00-19-50-49-01-C0-8E-20-00-00-03-00-0E-82-00-50-49-0E-C4-00-00-00-00-02-00-E3-00-00-32-00-00-00-00-00-00-00-00-00-00-00-00-00-00-00-00-00-00-00-00-00-00-00-00-00-00-00-00-00-00-00-00-00-00-00-00
[18:08:53:052]50-49-01-C0-8E-20-00-00-03-00-0E-82-00
[18:08:53:052]50-49-0E-C4-00-00-00-00-02-00-E3-00-
[18:08:53:052]REMOTE_GET_CONNECT_STATUS=00
[18:08:53:053][HID_TX]00-80-07-77-A6-50-41-0E-03-02-E1-00-00-00-00-00-00-00-00-00-00-00-00-00-00-00-00-00-00-00-00-00-00-00-00-00-00-00-00-00-00-00-00-00-00-00-00-00-00-00-00-00-00-00-00-00-00-00-00-00-00-00-00-00-00
[18:08:53:054]HidD_GetInputReport=True
[18:08:53:054]reply_report=00-4F-00-00-00-00-00-00-00-00-00-00-00-00-00-00-00-00-00-00-00-00-00-00-00-00-00-00-00-00-00-00-00-00-00-00-00-00-00-00-00-00-00-00-00-00-00-00-00-00-00-00-00-00-00-00-00-00-00-00-00-00-00-00-00
[18:08:53:054]50-41-0E-03-02-E1-00 [CMD_SENT][REMOTE_SET_MODE] is_remote=False
[18:08:53:056][HID_TX_ack]00-0D-50-49-01-C0-8E-20-00-00-03-00-0E-83-00-50-49-0E-C4-00-00-00-00-02-00-E3-00-00-32-00-00-00-00-00-00-00-00-00-00-00-00-00-00-00-00-00-00-00-00-00-00-00-00-00-00-00-00-00-00-00-00-00-00-00-00
[18:08:53:056]50-49-01-C0-8E-20-00-00-03-00-0E-83-00
[18:08:53:056][HID_TX]00-80-13-70-36-50-41-06-04-0D-00-25-34-12-5A-5A-01-00-00-00-F0-00-00-00-00-00-00-00-00-00-00-00-00-00-00-00-00-00-00-00-00-00-00-00-00-00-00-00-00-00-00-00-00-00-00-00-00-00-00-00-00-00-00-00-00
[18:08:53:058]HidD_GetInputReport=True
[18:08:53:058]reply_report=00-4F-00-00-00-00-00-00-00-00-00-00-00-00-00-00-00-00-00-00-00-00-00-00-00-00-00-00-00-00-00-00-00-00-00-00-00-00-00-00-00-00-00-00-00-00-00-00-00-00-00-00-00-00-00-00-00-00-00-00-00-00-00-00-00
[18:08:53:058]50-41-06-04-0D-00-25-34-12-5A-5A-01-00-00-00-F0-00-00-00 [CMD_SENT][OTA_CMD_IOCTL][READ_MAX_LEN=240]
[18:08:53:060][HID_TX_ack]00-11-50-49-01-C0-8E-20-00-00-07-00-06-84-00-F0-00-00-00-00-00-00-00-02-00-E3-00-00-32-00-00-00-00-00-00-00-00-00-00-00-00-00-00-00-00-00-00-00-00-00-00-00-00-00-00-00-00-00-00-00-00-00-00-00-00
[18:08:53:060]50-49-01-C0-8E-20-00-00-07-00-06-84-00-F0-00-00-00
[18:08:56:741]\\?\hid#dell09c2&col02#5&bc4dc33&0&0001#{4d1e55b2-f16f-11cf-88cb-001111000030}
[18:08:56:741]\\?\hid#vid_ffff&pid_bace&rev_0002&mi_00&col03#3&258c3fbc&0&0002#{4d1e55b2-f16f-11cf-88cb-001111000030}
[18:08:56:741]\\?\hid#dell09c2&col03#5&bc4dc33&0&0002#{4d1e55b2-f16f-11cf-88cb-001111000030}
[18:08:56:741]\\?\hid#vid_ffff&pid_bace&rev_0002&mi_00&col04#3&258c3fbc&0&0003#{4d1e55b2-f16f-11cf-88cb-001111000030}
[18:08:56:741]\\?\hid#intc816&col01#3&207f9b7f&0&0000#{4d1e55b2-f16f-11cf-88cb-001111000030}
[18:08:56:741]\\?\hid#vid_ffff&pid_bace&rev_0002&mi_00&col05#3&258c3fbc&0&0004#{4d1e55b2-f16f-11cf-88cb-001111000030}
[18:08:56:741]\\?\hid#intc816&col02#3&207f9b7f&0&0001#{4d1e55b2-f16f-11cf-88cb-001111000030}
[18:08:56:741]\\?\hid#vid_ffff&pid_bace&rev_0002&mi_00&col01#3&258c3fbc&0&0000#{4d1e55b2-f16f-11cf-88cb-001111000030}\kbd
[18:08:56:741]\\?\hid#converteddevice&col02#5&17bac0a6&0&0001#{4d1e55b2-f16f-11cf-88cb-001111000030}
[18:08:56:741]\\?\hid#converteddevice&col03#5&17bac0a6&0&0002#{4d1e55b2-f16f-11cf-88cb-001111000030}
[18:08:56:741]\\?\hid#dell09c2&col04#5&bc4dc33&0&0003#{4d1e55b2-f16f-11cf-88cb-001111000030}
[18:08:56:741]\\?\hid#{00001812-0000-1000-8000-00805f9b34fb}_dev_vid&0232c2_pid&0001_rev&0068_ccb624cd66b1#9&326e3aae&0&0000#{4d1e55b2-f16f-11cf-88cb-001111000030}
[18:08:56:741]\\?\hid#dell09c2&col05#5&bc4dc33&0&0004#{4d1e55b2-f16f-11cf-88cb-001111000030}
[18:08:56:741]\\?\hid#vid_ffff&pid_bace&rev_0002&mi_00&col02#3&258c3fbc&0&0001#{4d1e55b2-f16f-11cf-88cb-001111000030}\kbd
[18:08:56:741]\\?\hid#converteddevice&col01#5&17bac0a6&0&0000#{4d1e55b2-f16f-11cf-88cb-001111000030}\kbd
[18:08:56:741]\\?\hid#dell09c2&col01#5&bc4dc33&0&0000#{4d1e55b2-f16f-11cf-88cb-001111000030}
[18:08:56:741]\\?\hid#vid_046d&pid_0adf&mi_00#7&1ad2701a&0&0000#{4d1e55b2-f16f-11cf-88cb-001111000030}
[18:08:56:741]\\?\hid#vid_046d&pid_0adf&mi_04#7&38efbce7&0&0000#{4d1e55b2-f16f-11cf-88cb-001111000030}
[18:08:56:742]ystech_read_fw_version
[18:08:56:742][HID_TX]00-84-01-D1-55-01-00-00-00-00-00-00-00-00-00-00-00-00-00-00-00-00-00-00-00-00-00-00-00-00-00-00-00-00-00-00-00-00-00-00-00-00-00-00-00-00-00-00-00-00-00-00-00-00-00-00-00-00-00-00-00-00-00-00-00
[18:08:56:743]HidD_GetInputReport=True
[18:08:56:743]reply_report=00-4F-56-31-2E-38-2E-35-2E-31-00-00-00-00-00-00-00-00-00-00-00-00-00-00-00-00-00-00-00-00-00-00-00-00-00-00-00-00-00-00-00-00-00-00-00-00-00-00-00-00-00-00-00-00-00-00-00-00-00-00-00-00-00-00-00
[18:09:00:644][HID_TX]00-80-06-CA-22-50-41-0E-05-01-E0-00-00-00-00-00-00-00-00-00-00-00-00-00-00-00-00-00-00-00-00-00-00-00-00-00-00-00-00-00-00-00-00-00-00-00-00-00-00-00-00-00-00-00-00-00-00-00-00-00-00-00-00-00-00
[18:09:00:645]HidD_GetInputReport=True
[18:09:00:645]reply_report=00-4F-00-00-00-00-00-00-00-00-00-00-00-00-00-00-00-00-00-00-00-00-00-00-00-00-00-00-00-00-00-00-00-00-00-00-00-00-00-00-00-00-00-00-00-00-00-00-00-00-00-00-00-00-00-00-00-00-00-00-00-00-00-00-00
[18:09:00:645]50-41-0E-05-01-E0 [CMD_SENT][REMOTE_GET_MODE]
[18:09:00:648][HID_TX_ack]00-19-50-49-01-C0-68-38-00-00-03-00-0E-85-00-50-49-0E-C5-00-00-00-00-02-00-E0-00-00-32-00-00-00-00-00-00-00-00-00-00-00-00-00-00-00-00-00-00-00-00-00-00-00-00-00-00-00-00-00-00-00-00-00-00-00-00
[18:09:00:648]50-49-01-C0-68-38-00-00-03-00-0E-85-00
[18:09:00:648]50-49-0E-C5-00-00-00-00-02-00-E0-00-
[18:09:00:648]REMOTE_GET_MODE=00
[18:09:00:649]send_OTA_CMD_GET_IMAGE_VERSION=MC
[18:09:00:649][HID_TX]00-80-0A-D5-C6-50-41-06-06-04-00-34-01-4D-43-00-00-00-00-00-00-00-00-00-00-00-00-00-00-00-00-00-00-00-00-00-00-00-00-00-00-00-00-00-00-00-00-00-00-00-00-00-00-00-00-00-00-00-00-00-00-00-00-00-00
[18:09:00:651]HidD_GetInputReport=True
[18:09:00:651]reply_report=00-4F-00-00-00-00-00-00-00-00-00-00-00-00-00-00-00-00-00-00-00-00-00-00-00-00-00-00-00-00-00-00-00-00-00-00-00-00-00-00-00-00-00-00-00-00-00-00-00-00-00-00-00-00-00-00-00-00-00-00-00-00-00-00-00
[18:09:00:651]50-41-06-06-04-00-34-01-4D-43 [CMD_SENT][OTA_CMD_GET_IMAGE_VERSION]
[18:09:00:653][HID_TX_ack]00-11-50-49-01-C0-6D-38-00-00-07-00-06-86-00-64-00-01-11-00-00-00-00-02-00-E0-00-00-32-00-00-00-00-00-00-00-00-00-00-00-00-00-00-00-00-00-00-00-00-00-00-00-00-00-00-00-00-00-00-00-00-00-00-00-00
[18:09:00:653]50-49-01-C0-6D-38-00-00-07-00-06-86-00-64-00-01-11
[18:09:18:946][裝置沒有連線。
][System.IO.IOException]
[18:09:18:957]   於 System.IO.__Error.WinIOError(Int32 errorCode, String maybeFullPath)
   於 System.IO.FileStream.EndRead(IAsyncResult asyncResult)
   於 TwsTester.Visitors.ClassExceptionVisitor.SetupBridge(IAsyncResult res)
[18:09:18:963][裝置沒有連線。
][System.IO.IOException]
[18:09:18:964]   於 System.IO.__Error.WinIOError(Int32 errorCode, String maybeFullPath)
   於 System.IO.FileStream.BeginReadCore(Byte[] bytes, Int32 offset, Int32 numBytes, AsyncCallback userCallback, Object stateObject, Int32 numBufferedBytesRead)
   於 System.IO.FileStream.BeginReadAsync(Byte[] array, Int32 offset, Int32 numBytes, AsyncCallback userCallback, Object stateObject)
   於 System.IO.FileStream.BeginRead(Byte[] array, Int32 offset, Int32 numBytes, AsyncCallback userCallback, Object stateObject)
   於 TwsTester.Visitors.ClassExceptionVisitor.ReflectBridge()
[18:09:18:964]ystech_Power_Saving, is_EnablePowerSaving=True
[18:09:18:964][HID_TX]00-85-01-73-56-02-00-00-00-00-00-00-00-00-00-00-00-00-00-00-00-00-00-00-00-00-00-00-00-00-00-00-00-00-00-00-00-00-00-00-00-00-00-00-00-00-00-00-00-00-00-00-00-00-00-00-00-00-00-00-00-00-00-00-00
[18:09:18:973][裝置沒有連線。
][System.IO.IOException]
[18:09:18:973]   於 System.IO.__Error.WinIOError(Int32 errorCode, String maybeFullPath)
   於 System.IO.FileStream.BeginWriteCore(Byte[] bytes, Int32 offset, Int32 numBytes, AsyncCallback userCallback, Object stateObject)
   於 System.IO.FileStream.WriteCore(Byte[] buffer, Int32 offset, Int32 count)
   於 System.IO.FileStream.Write(Byte[] array, Int32 offset, Int32 count)
   於 TwsTester.Visitors.ClassExceptionVisitor.VerifyBridge(Byte reference, Byte[] col)
[18:09:18:973]CloseHandleX
[18:09:18:977][connect HID device fail : 裝置沒有連線。
][System.Exception]
[18:09:18:977]   於 TwsTester.Visitors.ClassExceptionVisitor.VerifyBridge(Byte reference, Byte[] col)
   於 TwsTester.Visitors.ClassExceptionVisitor.StartBridge(Boolean istask)
   於 TwsTester.Visitors.ClassExceptionVisitor.StopBridge()
[18:09:18:977]close_hid_stream
[18:09:18:981]se.ErrorCode=-2147467259
[18:09:18:981][外部元件傳回例外狀況。][System.Runtime.InteropServices.SEHException]
[18:09:18:981]   於 AWToolLIB2.Messages.BroadcasterField.DeleteGetter(IntPtr reference)
   於 AWToolLIB2.Messages.BroadcasterField.CloseHandleX(IntPtr hObject)
[18:09:18:981]close_hid_handle
