[18:08:09:850]\\?\hid#dell09c2&col02#5&bc4dc33&0&0001#{4d1e55b2-f16f-11cf-88cb-001111000030}
[18:08:09:850]\\?\hid#vid_ffff&pid_bace&rev_0002&mi_00&col03#3&258c3fbc&0&0002#{4d1e55b2-f16f-11cf-88cb-001111000030}
[18:08:09:850]\\?\hid#dell09c2&col03#5&bc4dc33&0&0002#{4d1e55b2-f16f-11cf-88cb-001111000030}
[18:08:09:850]\\?\hid#vid_ffff&pid_bace&rev_0002&mi_00&col04#3&258c3fbc&0&0003#{4d1e55b2-f16f-11cf-88cb-001111000030}
[18:08:09:850]\\?\hid#intc816&col01#3&207f9b7f&0&0000#{4d1e55b2-f16f-11cf-88cb-001111000030}
[18:08:09:850]\\?\hid#vid_ffff&pid_bace&rev_0002&mi_00&col05#3&258c3fbc&0&0004#{4d1e55b2-f16f-11cf-88cb-001111000030}
[18:08:09:851]\\?\hid#intc816&col02#3&207f9b7f&0&0001#{4d1e55b2-f16f-11cf-88cb-001111000030}
[18:08:09:851]\\?\hid#vid_ffff&pid_bace&rev_0002&mi_00&col01#3&258c3fbc&0&0000#{4d1e55b2-f16f-11cf-88cb-001111000030}\kbd
[18:08:09:851]\\?\hid#converteddevice&col02#5&17bac0a6&0&0001#{4d1e55b2-f16f-11cf-88cb-001111000030}
[18:08:09:851]\\?\hid#converteddevice&col03#5&17bac0a6&0&0002#{4d1e55b2-f16f-11cf-88cb-001111000030}
[18:08:09:851]\\?\hid#dell09c2&col04#5&bc4dc33&0&0003#{4d1e55b2-f16f-11cf-88cb-001111000030}
[18:08:09:851]\\?\hid#{00001812-0000-1000-8000-00805f9b34fb}_dev_vid&0232c2_pid&0001_rev&0068_ccb624cd66b1#9&326e3aae&0&0000#{4d1e55b2-f16f-11cf-88cb-001111000030}
[18:08:09:851]\\?\hid#dell09c2&col05#5&bc4dc33&0&0004#{4d1e55b2-f16f-11cf-88cb-001111000030}
[18:08:09:851]\\?\hid#vid_ffff&pid_bace&rev_0002&mi_00&col02#3&258c3fbc&0&0001#{4d1e55b2-f16f-11cf-88cb-001111000030}\kbd
[18:08:09:851]\\?\hid#converteddevice&col01#5&17bac0a6&0&0000#{4d1e55b2-f16f-11cf-88cb-001111000030}\kbd
[18:08:09:851]\\?\hid#dell09c2&col01#5&bc4dc33&0&0000#{4d1e55b2-f16f-11cf-88cb-001111000030}
[18:08:09:851]\\?\hid#vid_046d&pid_0acb&mi_03&col01#7&177c37f5&0&0000#{4d1e55b2-f16f-11cf-88cb-001111000030}
[18:08:09:851]\\?\hid#vid_046d&pid_0acb&mi_03&col02#7&177c37f5&0&0001#{4d1e55b2-f16f-11cf-88cb-001111000030}
[18:08:09:851]\\?\hid#vid_046d&pid_0acb&mi_03&col03#7&177c37f5&0&0002#{4d1e55b2-f16f-11cf-88cb-001111000030}
[18:08:09:851]\\?\hid#vid_046d&pid_0acb&mi_03&col04#7&177c37f5&0&0003#{4d1e55b2-f16f-11cf-88cb-001111000030}
[18:08:09:855]connect_auto_select
[18:08:09:856]\\?\hid#dell09c2&col02#5&bc4dc33&0&0001#{4d1e55b2-f16f-11cf-88cb-001111000030}
[18:08:09:856]\\?\hid#vid_ffff&pid_bace&rev_0002&mi_00&col03#3&258c3fbc&0&0002#{4d1e55b2-f16f-11cf-88cb-001111000030}
[18:08:09:856]\\?\hid#dell09c2&col03#5&bc4dc33&0&0002#{4d1e55b2-f16f-11cf-88cb-001111000030}
[18:08:09:856]\\?\hid#vid_ffff&pid_bace&rev_0002&mi_00&col04#3&258c3fbc&0&0003#{4d1e55b2-f16f-11cf-88cb-001111000030}
[18:08:09:856]\\?\hid#intc816&col01#3&207f9b7f&0&0000#{4d1e55b2-f16f-11cf-88cb-001111000030}
[18:08:09:856]\\?\hid#vid_ffff&pid_bace&rev_0002&mi_00&col05#3&258c3fbc&0&0004#{4d1e55b2-f16f-11cf-88cb-001111000030}
[18:08:09:856]\\?\hid#intc816&col02#3&207f9b7f&0&0001#{4d1e55b2-f16f-11cf-88cb-001111000030}
[18:08:09:856]\\?\hid#vid_ffff&pid_bace&rev_0002&mi_00&col01#3&258c3fbc&0&0000#{4d1e55b2-f16f-11cf-88cb-001111000030}\kbd
[18:08:09:856]\\?\hid#converteddevice&col02#5&17bac0a6&0&0001#{4d1e55b2-f16f-11cf-88cb-001111000030}
[18:08:09:856]\\?\hid#converteddevice&col03#5&17bac0a6&0&0002#{4d1e55b2-f16f-11cf-88cb-001111000030}
[18:08:09:856]\\?\hid#dell09c2&col04#5&bc4dc33&0&0003#{4d1e55b2-f16f-11cf-88cb-001111000030}
[18:08:09:856]\\?\hid#{00001812-0000-1000-8000-00805f9b34fb}_dev_vid&0232c2_pid&0001_rev&0068_ccb624cd66b1#9&326e3aae&0&0000#{4d1e55b2-f16f-11cf-88cb-001111000030}
[18:08:09:856]\\?\hid#dell09c2&col05#5&bc4dc33&0&0004#{4d1e55b2-f16f-11cf-88cb-001111000030}
[18:08:09:856]\\?\hid#vid_ffff&pid_bace&rev_0002&mi_00&col02#3&258c3fbc&0&0001#{4d1e55b2-f16f-11cf-88cb-001111000030}\kbd
[18:08:09:856]\\?\hid#converteddevice&col01#5&17bac0a6&0&0000#{4d1e55b2-f16f-11cf-88cb-001111000030}\kbd
[18:08:09:856]\\?\hid#dell09c2&col01#5&bc4dc33&0&0000#{4d1e55b2-f16f-11cf-88cb-001111000030}
[18:08:09:856]\\?\hid#vid_046d&pid_0acb&mi_03&col01#7&177c37f5&0&0000#{4d1e55b2-f16f-11cf-88cb-001111000030}
[18:08:09:856]\\?\hid#vid_046d&pid_0acb&mi_03&col02#7&177c37f5&0&0001#{4d1e55b2-f16f-11cf-88cb-001111000030}
[18:08:09:856]\\?\hid#vid_046d&pid_0acb&mi_03&col03#7&177c37f5&0&0002#{4d1e55b2-f16f-11cf-88cb-001111000030}
[18:08:09:856]\\?\hid#vid_046d&pid_0acb&mi_03&col04#7&177c37f5&0&0003#{4d1e55b2-f16f-11cf-88cb-001111000030}
[18:08:09:856]id=VID=FFFF,PID=BACE
[18:08:09:857]	getCaps=null
[18:08:09:857]CloseHandleX
[18:08:09:857]id=VID=FFFF,PID=BACE
[18:08:09:857]	getCaps=null
[18:08:09:857]CloseHandleX
[18:08:09:857]id=VID=FFFF,PID=BACE
[18:08:09:857]	getCaps=null
[18:08:09:857]CloseHandleX
[18:08:09:857]id=VID=FFFF,PID=BACE
[18:08:09:857]	getCaps=null
[18:08:09:857]CloseHandleX
[18:08:09:857]id=VID=FFFF,PID=BACE
[18:08:09:857]	getCaps=null
[18:08:09:857]CloseHandleX
[18:08:09:857]id=VID=046D,PID=0ACB
[18:08:09:857]	getCaps=null
[18:08:09:857]CloseHandleX
[18:08:09:857]id=VID=046D,PID=0ACB
[18:08:09:858]	caps.InputReportByteLength=5
[18:08:09:858]	caps.OutputReportByteLength=0
[18:08:09:858]	attributes.VendorID=0x46D
[18:08:09:858]	attributes.ProductID=0xACB
[18:08:09:859]	SerialNumberString=202105190004
[18:08:09:860]	ManufacturerString=Logitech G series
[18:08:09:861]	ProductString=G435 Wireless Gaming Headset
[18:08:09:861]CloseHandleX
[18:08:09:861]id=VID=046D,PID=0ACB
[18:08:09:861]	caps.InputReportByteLength=8
[18:08:09:861]	caps.OutputReportByteLength=515
[18:08:09:861]	attributes.VendorID=0x46D
[18:08:09:861]	attributes.ProductID=0xACB
[18:08:09:862]	SerialNumberString=202105190004
[18:08:09:862]	ManufacturerString=Logitech G series
[18:08:09:863]	ProductString=G435 Wireless Gaming Headset
[18:08:09:863]CloseHandleX
[18:08:09:863]id=VID=046D,PID=0ACB
[18:08:09:863]	caps.InputReportByteLength=21
[18:08:09:863]	caps.OutputReportByteLength=3
[18:08:09:863]	attributes.VendorID=0x46D
[18:08:09:863]	attributes.ProductID=0xACB
[18:08:09:864]	SerialNumberString=202105190004
[18:08:09:865]	ManufacturerString=Logitech G series
[18:08:09:866]	ProductString=G435 Wireless Gaming Headset
[18:08:09:866]CloseHandleX
[18:08:09:866]try_path=\\?\hid#vid_046d&pid_0acb&mi_03&col03#7&177c37f5&0&0002#{4d1e55b2-f16f-11cf-88cb-001111000030}
[18:08:09:867]CreateFile_ing=\\?\hid#vid_046d&pid_0acb&mi_03&col03#7&177c37f5&0&0002#{4d1e55b2-f16f-11cf-88cb-001111000030}
[18:08:09:867]CreateFile_ok=1096
[18:08:09:867]HidD_GetPreparsedData_ok=True
[18:08:09:867]HidP_GetCaps_ok=1114112
[18:08:09:867]	InputReportByteLength=8
[18:08:09:867]	OutputReportByteLength=515
[18:08:09:868]create_FileStream_ok
[18:08:09:871]rtk_RX_thread_start
[18:08:09:871]rtk_RX_thread.waiting...
[18:08:09:871]report__len=515
[18:08:09:871]report_data=06-01-03-00-00-00-00-00-00-00-00-00-00-00-00-00-00-00-00-00-00-00-00-00-00-00-00-00-00-00-00-00-00-00-00-00-00-00-00-00-00-00-00-00-00-00-00-00-00-00-00-00-00-00-00-00-00-00-00-00-00-00-00-00-00-00-00-00-00-00-00-00-00-00-00-00-00-00-00-00-00-00-00-00-00-00-00-00-00-00-00-00-00-00-00-00-00-00-00-00-00-00-00-00-00-00-00-00-00-00-00-00-00-00-00-00-00-00-00-00-00-00-00-00-00-00-00-00-00-00-00-00-00-00-00-00-00-00-00-00-00-00-00-00-00-00-00-00-00-00-00-00-00-00-00-00-00-00-00-00-00-00-00-00-00-00-00-00-00-00-00-00-00-00-00-00-00-00-00-00-00-00-00-00-00-00-00-00-00-00-00-00-00-00-00-00-00-00-00-00-00-00-00-00-00-00-00-00-00-00-00-00-00-00-00-00-00-00-00-00-00-00-00-00-00-00-00-00-00-00-00-00-00-00-00-00-00-00-00-00-00-00-00-00-00-00-00-00-00-00-00-00-00-00-00-00-00-00-00-00-00-00-00-00-00-00-00-00-00-00-00-00-00-00-00-00-00-00-00-00-00-00-00-00-00-00-00-00-00-00-00-00-00-00-00-00-00-00-00-00-00-00-00-00-00-00-00-00-00-00-00-00-00-00-00-00-00-00-00-00-00-00-00-00-00-00-00-00-00-00-00-00-00-00-00-00-00-00-00-00-00-00-00-00-00-00-00-00-00-00-00-00-00-00-00-00-00-00-00-00-00-00-00-00-00-00-00-00-00-00-00-00-00-00-00-00-00-00-00-00-00-00-00-00-00-00-00-00-00-00-00-00-00-00-00-00-00-00-00-00-00-00-00-00-00-00-00-00-00-00-00-00-00-00-00-00-00-00-00-00-00-00-00-00-00-00-00-00-00-00-00-00-00-00-00-00-00-00-00-00-00-00-00-00-00-00-00-00-00-00-00-00-00-00-00-00-00-00-00-00-00-00-00-00-00-00-00-00-00-00-00-00-00-00-00-00-00-00-00-00-00-00-00-00-00-00-00-00-00-00-00-00-00-00-00-00-00-00-00-00-00-00-00-00-00-00-00-00-00-00-00-00-00-00-00
[18:08:09:880]HidD_SetOutputReport_Enter_bootloader=True
[18:08:09:887][HID_TX_ack]06-5A-00-00-00-00-00-00
[18:08:09:887]path_connected=\\?\hid#vid_046d&pid_0acb&mi_03&col03#7&177c37f5&0&0002#{4d1e55b2-f16f-11cf-88cb-001111000030}
[18:08:09:890]pooling_start
[18:08:09:915]pooling_HidD_GetFeature=True,rx_len=0
[18:08:09:915][HID_TX]06-04-03-13-00-50-41-06-01-0D-00-25-34-12-5A-5A-01-00-00-00-F0-00-00-00-00-00-00-00-00-00-00-00-00-00-00-00-00-00-00-00-00-00-00-00-00-00-00-00-00-00-00-00-00-00-00-00-00-00-00-00-00-00-00-00-00-00-00-00-00-00-00-00-00-00-00-00-00-00-00-00-00-00-00-00-00-00-00-00-00-00-00-00-00-00-00-00-00-00-00-00-00-00-00-00-00-00-00-00-00-00-00-00-00-00-00-00-00-00-00-00-00-00-00-00-00-00-00-00-00-00-00-00-00-00-00-00-00-00-00-00-00-00-00-00-00-00-00-00-00-00-00-00-00-00-00-00-00-00-00-00-00-00-00-00-00-00-00-00-00-00-00-00-00-00-00-00-00-00-00-00-00-00-00-00-00-00-00-00-00-00-00-00-00-00-00-00-00-00-00-00-00-00-00-00-00-00-00-00-00-00-00-00-00-00-00-00-00-00-00-00-00-00-00-00-00-00-00-00-00-00-00-00-00-00-00-00-00-00-00-00-00-00-00-00-00-00-00-00-00-00-00-00-00-00-00-00-00-00-00-00-00-00-00-00-00-00-00-00-00-00-00-00-00-00-00-00-00-00-00-00-00-00-00-00-00-00-00-00-00-00-00-00-00-00-00-00-00-00-00-00-00-00-00-00-00-00-00-00-00-00-00-00-00-00-00-00-00-00-00-00-00-00-00-00-00-00-00-00-00-00-00-00-00-00-00-00-00-00-00-00-00-00-00-00-00-00-00-00-00-00-00-00-00-00-00-00-00-00-00-00-00-00-00-00-00-00-00-00-00-00-00-00-00-00-00-00-00-00-00-00-00-00-00-00-00-00-00-00-00-00-00-00-00-00-00-00-00-00-00-00-00-00-00-00-00-00-00-00-00-00-00-00-00-00-00-00-00-00-00-00-00-00-00-00-00-00-00-00-00-00-00-00-00-00-00-00-00-00-00-00-00-00-00-00-00-00-00-00-00-00-00-00-00-00-00-00-00-00-00-00-00-00-00-00-00-00-00-00-00-00-00-00-00-00-00-00-00-00-00-00-00-00-00-00-00-00-00-00-00-00-00-00-00-00-00-00-00-00-00-00-00-00-00-00-00-00-00-00-00-00-00-00-00-00-00
[18:08:09:928]HidD_SetOutputReport=True
[18:08:09:932][HID_TX_ack]06-5A-00-00-00-00-00-00
[18:08:09:947]50-41-06-01-0D-00-25-34-12-5A-5A-01-00-00-00-F0-00-00-00 [CMD_SENT][OTA_CMD_IOCTL][READ_MAX_LEN=240]
[18:08:09:971]HidD_GetFeature=True,rx_len=17
[18:08:09:971][HID_RX]06-50-49-01-C0-90-0A-00-00-07-00-06-81-00-F0-00-00-00-FF-FF-FF-FF-FF-FF-FF-FF-FF-FF-FF-FF-FF-FF-FF-FF-FF-FF-FF-FF-FF-FF-FF-FF-FF-FF-FF-FF-FF-FF-FF-FF-FF-FF-FF-FF-FF-FF-FF-FF-FF-FF-FF-FF-FF-11
[18:08:09:971][HID_RX_data]50-49-01-C0-90-0A-00-00-07-00-06-81-00-F0-00-00-00
[18:08:09:984]50-49-01-C0-90-0A-00-00-07-00-06-81-00-F0-00-00-00
[18:08:09:984]hasPulse=True
[18:08:09:984]rtk_RX_thread.waiting...
[18:08:12:840]pooling_start
[18:08:12:864]pooling_HidD_GetFeature=True,rx_len=0
[18:08:12:864][HID_TX]06-04-03-06-00-50-41-0E-02-01-E3-00-00-00-00-00-00-00-00-00-00-00-00-00-00-00-00-00-00-00-00-00-00-00-00-00-00-00-00-00-00-00-00-00-00-00-00-00-00-00-00-00-00-00-00-00-00-00-00-00-00-00-00-00-00-00-00-00-00-00-00-00-00-00-00-00-00-00-00-00-00-00-00-00-00-00-00-00-00-00-00-00-00-00-00-00-00-00-00-00-00-00-00-00-00-00-00-00-00-00-00-00-00-00-00-00-00-00-00-00-00-00-00-00-00-00-00-00-00-00-00-00-00-00-00-00-00-00-00-00-00-00-00-00-00-00-00-00-00-00-00-00-00-00-00-00-00-00-00-00-00-00-00-00-00-00-00-00-00-00-00-00-00-00-00-00-00-00-00-00-00-00-00-00-00-00-00-00-00-00-00-00-00-00-00-00-00-00-00-00-00-00-00-00-00-00-00-00-00-00-00-00-00-00-00-00-00-00-00-00-00-00-00-00-00-00-00-00-00-00-00-00-00-00-00-00-00-00-00-00-00-00-00-00-00-00-00-00-00-00-00-00-00-00-00-00-00-00-00-00-00-00-00-00-00-00-00-00-00-00-00-00-00-00-00-00-00-00-00-00-00-00-00-00-00-00-00-00-00-00-00-00-00-00-00-00-00-00-00-00-00-00-00-00-00-00-00-00-00-00-00-00-00-00-00-00-00-00-00-00-00-00-00-00-00-00-00-00-00-00-00-00-00-00-00-00-00-00-00-00-00-00-00-00-00-00-00-00-00-00-00-00-00-00-00-00-00-00-00-00-00-00-00-00-00-00-00-00-00-00-00-00-00-00-00-00-00-00-00-00-00-00-00-00-00-00-00-00-00-00-00-00-00-00-00-00-00-00-00-00-00-00-00-00-00-00-00-00-00-00-00-00-00-00-00-00-00-00-00-00-00-00-00-00-00-00-00-00-00-00-00-00-00-00-00-00-00-00-00-00-00-00-00-00-00-00-00-00-00-00-00-00-00-00-00-00-00-00-00-00-00-00-00-00-00-00-00-00-00-00-00-00-00-00-00-00-00-00-00-00-00-00-00-00-00-00-00-00-00-00-00-00-00-00-00-00-00-00-00-00-00-00-00-00-00-00-00-00-00-00-00-00-00-00-00
[18:08:12:875]HidD_SetOutputReport=True
[18:08:12:879][HID_TX_ack]06-5A-00-00-00-00-00-00
[18:08:12:879]50-41-0E-02-01-E3 [CMD_SENT][REMOTE_GET_CONNECT_STATUS]
[18:08:12:904]HidD_GetFeature=True,rx_len=13
[18:08:12:904][HID_RX]06-50-49-01-C0-90-13-00-00-03-00-0E-82-00-FF-FF-FF-FF-FF-FF-FF-FF-FF-FF-FF-FF-FF-FF-FF-FF-FF-FF-FF-FF-FF-FF-FF-FF-FF-FF-FF-FF-FF-FF-FF-FF-FF-FF-FF-FF-FF-FF-FF-FF-FF-FF-FF-FF-FF-FF-FF-FF-FF-0D
[18:08:12:904][HID_RX_data]50-49-01-C0-90-13-00-00-03-00-0E-82-00
[18:08:12:904]50-49-01-C0-90-13-00-00-03-00-0E-82-00
[18:08:12:904]hasPulse=False
[18:08:12:933]HidD_GetFeature=True,rx_len=12
[18:08:12:933][HID_RX]06-50-49-0E-C2-00-00-00-00-02-00-E3-00-FF-FF-FF-FF-FF-FF-FF-FF-FF-FF-FF-FF-FF-FF-FF-FF-FF-FF-FF-FF-FF-FF-FF-FF-FF-FF-FF-FF-FF-FF-FF-FF-FF-FF-FF-FF-FF-FF-FF-FF-FF-FF-FF-FF-FF-FF-FF-FF-FF-FF-0C
[18:08:12:933][HID_RX_data]50-49-0E-C2-00-00-00-00-02-00-E3-00
[18:08:12:933]50-49-0E-C2-00-00-00-00-02-00-E3-00-
[18:08:12:933]REMOTE_GET_CONNECT_STATUS=00
[18:08:12:933]hasPulse=True
[18:08:12:934]rtk_RX_thread.waiting...
[18:08:12:934][HID_TX]06-04-03-07-00-50-41-0E-03-02-E1-00-00-00-00-00-00-00-00-00-00-00-00-00-00-00-00-00-00-00-00-00-00-00-00-00-00-00-00-00-00-00-00-00-00-00-00-00-00-00-00-00-00-00-00-00-00-00-00-00-00-00-00-00-00-00-00-00-00-00-00-00-00-00-00-00-00-00-00-00-00-00-00-00-00-00-00-00-00-00-00-00-00-00-00-00-00-00-00-00-00-00-00-00-00-00-00-00-00-00-00-00-00-00-00-00-00-00-00-00-00-00-00-00-00-00-00-00-00-00-00-00-00-00-00-00-00-00-00-00-00-00-00-00-00-00-00-00-00-00-00-00-00-00-00-00-00-00-00-00-00-00-00-00-00-00-00-00-00-00-00-00-00-00-00-00-00-00-00-00-00-00-00-00-00-00-00-00-00-00-00-00-00-00-00-00-00-00-00-00-00-00-00-00-00-00-00-00-00-00-00-00-00-00-00-00-00-00-00-00-00-00-00-00-00-00-00-00-00-00-00-00-00-00-00-00-00-00-00-00-00-00-00-00-00-00-00-00-00-00-00-00-00-00-00-00-00-00-00-00-00-00-00-00-00-00-00-00-00-00-00-00-00-00-00-00-00-00-00-00-00-00-00-00-00-00-00-00-00-00-00-00-00-00-00-00-00-00-00-00-00-00-00-00-00-00-00-00-00-00-00-00-00-00-00-00-00-00-00-00-00-00-00-00-00-00-00-00-00-00-00-00-00-00-00-00-00-00-00-00-00-00-00-00-00-00-00-00-00-00-00-00-00-00-00-00-00-00-00-00-00-00-00-00-00-00-00-00-00-00-00-00-00-00-00-00-00-00-00-00-00-00-00-00-00-00-00-00-00-00-00-00-00-00-00-00-00-00-00-00-00-00-00-00-00-00-00-00-00-00-00-00-00-00-00-00-00-00-00-00-00-00-00-00-00-00-00-00-00-00-00-00-00-00-00-00-00-00-00-00-00-00-00-00-00-00-00-00-00-00-00-00-00-00-00-00-00-00-00-00-00-00-00-00-00-00-00-00-00-00-00-00-00-00-00-00-00-00-00-00-00-00-00-00-00-00-00-00-00-00-00-00-00-00-00-00-00-00-00-00-00-00-00-00-00-00-00-00-00-00-00-00-00-00-00
[18:08:12:943]HidD_SetOutputReport=True
[18:08:12:947][HID_TX_ack]06-5A-00-00-00-00-00-00
[18:08:12:947]50-41-0E-03-02-E1-00 [CMD_SENT][REMOTE_SET_MODE] is_remote=False
[18:08:12:972]HidD_GetFeature=True,rx_len=13
[18:08:12:972][HID_RX]06-50-49-01-C0-5B-14-00-00-03-00-0E-83-00-FF-FF-FF-FF-FF-FF-FF-FF-FF-FF-FF-FF-FF-FF-FF-FF-FF-FF-FF-FF-FF-FF-FF-FF-FF-FF-FF-FF-FF-FF-FF-FF-FF-FF-FF-FF-FF-FF-FF-FF-FF-FF-FF-FF-FF-FF-FF-FF-FF-0D
[18:08:12:972][HID_RX_data]50-49-01-C0-5B-14-00-00-03-00-0E-83-00
[18:08:12:972]50-49-01-C0-5B-14-00-00-03-00-0E-83-00
[18:08:12:972]hasPulse=True
[18:08:12:972]rtk_RX_thread.waiting...
[18:08:12:972][HID_TX]06-04-03-13-00-50-41-06-04-0D-00-25-34-12-5A-5A-01-00-00-00-F0-00-00-00-00-00-00-00-00-00-00-00-00-00-00-00-00-00-00-00-00-00-00-00-00-00-00-00-00-00-00-00-00-00-00-00-00-00-00-00-00-00-00-00-00-00-00-00-00-00-00-00-00-00-00-00-00-00-00-00-00-00-00-00-00-00-00-00-00-00-00-00-00-00-00-00-00-00-00-00-00-00-00-00-00-00-00-00-00-00-00-00-00-00-00-00-00-00-00-00-00-00-00-00-00-00-00-00-00-00-00-00-00-00-00-00-00-00-00-00-00-00-00-00-00-00-00-00-00-00-00-00-00-00-00-00-00-00-00-00-00-00-00-00-00-00-00-00-00-00-00-00-00-00-00-00-00-00-00-00-00-00-00-00-00-00-00-00-00-00-00-00-00-00-00-00-00-00-00-00-00-00-00-00-00-00-00-00-00-00-00-00-00-00-00-00-00-00-00-00-00-00-00-00-00-00-00-00-00-00-00-00-00-00-00-00-00-00-00-00-00-00-00-00-00-00-00-00-00-00-00-00-00-00-00-00-00-00-00-00-00-00-00-00-00-00-00-00-00-00-00-00-00-00-00-00-00-00-00-00-00-00-00-00-00-00-00-00-00-00-00-00-00-00-00-00-00-00-00-00-00-00-00-00-00-00-00-00-00-00-00-00-00-00-00-00-00-00-00-00-00-00-00-00-00-00-00-00-00-00-00-00-00-00-00-00-00-00-00-00-00-00-00-00-00-00-00-00-00-00-00-00-00-00-00-00-00-00-00-00-00-00-00-00-00-00-00-00-00-00-00-00-00-00-00-00-00-00-00-00-00-00-00-00-00-00-00-00-00-00-00-00-00-00-00-00-00-00-00-00-00-00-00-00-00-00-00-00-00-00-00-00-00-00-00-00-00-00-00-00-00-00-00-00-00-00-00-00-00-00-00-00-00-00-00-00-00-00-00-00-00-00-00-00-00-00-00-00-00-00-00-00-00-00-00-00-00-00-00-00-00-00-00-00-00-00-00-00-00-00-00-00-00-00-00-00-00-00-00-00-00-00-00-00-00-00-00-00-00-00-00-00-00-00-00-00-00-00-00-00-00-00-00-00-00-00-00-00-00-00-00-00-00-00-00
[18:08:12:983]HidD_SetOutputReport=True
[18:08:12:987][HID_TX_ack]06-5A-00-00-00-00-00-00
[18:08:12:987]50-41-06-04-0D-00-25-34-12-5A-5A-01-00-00-00-F0-00-00-00 [CMD_SENT][OTA_CMD_IOCTL][READ_MAX_LEN=240]
[18:08:13:012]HidD_GetFeature=True,rx_len=17
[18:08:13:012][HID_RX]06-50-49-01-C0-7A-14-00-00-07-00-06-84-00-F0-00-00-00-FF-FF-FF-FF-FF-FF-FF-FF-FF-FF-FF-FF-FF-FF-FF-FF-FF-FF-FF-FF-FF-FF-FF-FF-FF-FF-FF-FF-FF-FF-FF-FF-FF-FF-FF-FF-FF-FF-FF-FF-FF-FF-FF-FF-FF-11
[18:08:13:012][HID_RX_data]50-49-01-C0-7A-14-00-00-07-00-06-84-00-F0-00-00-00
[18:08:13:012]50-49-01-C0-7A-14-00-00-07-00-06-84-00-F0-00-00-00
[18:08:13:012]hasPulse=True
[18:08:13:012]rtk_RX_thread.waiting...
[18:08:16:025]\\?\hid#dell09c2&col02#5&bc4dc33&0&0001#{4d1e55b2-f16f-11cf-88cb-001111000030}
[18:08:16:025]\\?\hid#vid_ffff&pid_bace&rev_0002&mi_00&col03#3&258c3fbc&0&0002#{4d1e55b2-f16f-11cf-88cb-001111000030}
[18:08:16:025]\\?\hid#dell09c2&col03#5&bc4dc33&0&0002#{4d1e55b2-f16f-11cf-88cb-001111000030}
[18:08:16:025]\\?\hid#vid_ffff&pid_bace&rev_0002&mi_00&col04#3&258c3fbc&0&0003#{4d1e55b2-f16f-11cf-88cb-001111000030}
[18:08:16:025]\\?\hid#intc816&col01#3&207f9b7f&0&0000#{4d1e55b2-f16f-11cf-88cb-001111000030}
[18:08:16:025]\\?\hid#vid_ffff&pid_bace&rev_0002&mi_00&col05#3&258c3fbc&0&0004#{4d1e55b2-f16f-11cf-88cb-001111000030}
[18:08:16:025]\\?\hid#intc816&col02#3&207f9b7f&0&0001#{4d1e55b2-f16f-11cf-88cb-001111000030}
[18:08:16:025]\\?\hid#vid_ffff&pid_bace&rev_0002&mi_00&col01#3&258c3fbc&0&0000#{4d1e55b2-f16f-11cf-88cb-001111000030}\kbd
[18:08:16:025]\\?\hid#converteddevice&col02#5&17bac0a6&0&0001#{4d1e55b2-f16f-11cf-88cb-001111000030}
[18:08:16:025]\\?\hid#converteddevice&col03#5&17bac0a6&0&0002#{4d1e55b2-f16f-11cf-88cb-001111000030}
[18:08:16:025]\\?\hid#dell09c2&col04#5&bc4dc33&0&0003#{4d1e55b2-f16f-11cf-88cb-001111000030}
[18:08:16:025]\\?\hid#{00001812-0000-1000-8000-00805f9b34fb}_dev_vid&0232c2_pid&0001_rev&0068_ccb624cd66b1#9&326e3aae&0&0000#{4d1e55b2-f16f-11cf-88cb-001111000030}
[18:08:16:025]\\?\hid#dell09c2&col05#5&bc4dc33&0&0004#{4d1e55b2-f16f-11cf-88cb-001111000030}
[18:08:16:025]\\?\hid#vid_ffff&pid_bace&rev_0002&mi_00&col02#3&258c3fbc&0&0001#{4d1e55b2-f16f-11cf-88cb-001111000030}\kbd
[18:08:16:025]\\?\hid#converteddevice&col01#5&17bac0a6&0&0000#{4d1e55b2-f16f-11cf-88cb-001111000030}\kbd
[18:08:16:025]\\?\hid#dell09c2&col01#5&bc4dc33&0&0000#{4d1e55b2-f16f-11cf-88cb-001111000030}
[18:08:16:025]\\?\hid#vid_046d&pid_0acb&mi_03&col01#7&177c37f5&0&0000#{4d1e55b2-f16f-11cf-88cb-001111000030}
[18:08:16:025]\\?\hid#vid_046d&pid_0acb&mi_03&col02#7&177c37f5&0&0001#{4d1e55b2-f16f-11cf-88cb-001111000030}
[18:08:16:025]\\?\hid#vid_046d&pid_0acb&mi_03&col03#7&177c37f5&0&0002#{4d1e55b2-f16f-11cf-88cb-001111000030}
[18:08:16:025]\\?\hid#vid_046d&pid_0acb&mi_03&col04#7&177c37f5&0&0003#{4d1e55b2-f16f-11cf-88cb-001111000030}
[18:08:19:869]pooling_start
[18:08:19:894]pooling_HidD_GetFeature=True,rx_len=0
[18:08:19:894][HID_TX]06-04-03-06-00-50-41-0E-05-01-E0-00-00-00-00-00-00-00-00-00-00-00-00-00-00-00-00-00-00-00-00-00-00-00-00-00-00-00-00-00-00-00-00-00-00-00-00-00-00-00-00-00-00-00-00-00-00-00-00-00-00-00-00-00-00-00-00-00-00-00-00-00-00-00-00-00-00-00-00-00-00-00-00-00-00-00-00-00-00-00-00-00-00-00-00-00-00-00-00-00-00-00-00-00-00-00-00-00-00-00-00-00-00-00-00-00-00-00-00-00-00-00-00-00-00-00-00-00-00-00-00-00-00-00-00-00-00-00-00-00-00-00-00-00-00-00-00-00-00-00-00-00-00-00-00-00-00-00-00-00-00-00-00-00-00-00-00-00-00-00-00-00-00-00-00-00-00-00-00-00-00-00-00-00-00-00-00-00-00-00-00-00-00-00-00-00-00-00-00-00-00-00-00-00-00-00-00-00-00-00-00-00-00-00-00-00-00-00-00-00-00-00-00-00-00-00-00-00-00-00-00-00-00-00-00-00-00-00-00-00-00-00-00-00-00-00-00-00-00-00-00-00-00-00-00-00-00-00-00-00-00-00-00-00-00-00-00-00-00-00-00-00-00-00-00-00-00-00-00-00-00-00-00-00-00-00-00-00-00-00-00-00-00-00-00-00-00-00-00-00-00-00-00-00-00-00-00-00-00-00-00-00-00-00-00-00-00-00-00-00-00-00-00-00-00-00-00-00-00-00-00-00-00-00-00-00-00-00-00-00-00-00-00-00-00-00-00-00-00-00-00-00-00-00-00-00-00-00-00-00-00-00-00-00-00-00-00-00-00-00-00-00-00-00-00-00-00-00-00-00-00-00-00-00-00-00-00-00-00-00-00-00-00-00-00-00-00-00-00-00-00-00-00-00-00-00-00-00-00-00-00-00-00-00-00-00-00-00-00-00-00-00-00-00-00-00-00-00-00-00-00-00-00-00-00-00-00-00-00-00-00-00-00-00-00-00-00-00-00-00-00-00-00-00-00-00-00-00-00-00-00-00-00-00-00-00-00-00-00-00-00-00-00-00-00-00-00-00-00-00-00-00-00-00-00-00-00-00-00-00-00-00-00-00-00-00-00-00-00-00-00-00-00-00-00-00-00-00-00-00-00-00-00-00-00
[18:08:19:904]HidD_SetOutputReport=True
[18:08:19:908][HID_TX_ack]06-5A-00-00-00-00-00-00
[18:08:19:908]50-41-0E-05-01-E0 [CMD_SENT][REMOTE_GET_MODE]
[18:08:19:933]HidD_GetFeature=True,rx_len=13
[18:08:19:933][HID_RX]06-50-49-01-C0-90-29-00-00-03-00-0E-85-00-FF-FF-FF-FF-FF-FF-FF-FF-FF-FF-FF-FF-FF-FF-FF-FF-FF-FF-FF-FF-FF-FF-FF-FF-FF-FF-FF-FF-FF-FF-FF-FF-FF-FF-FF-FF-FF-FF-FF-FF-FF-FF-FF-FF-FF-FF-FF-FF-FF-0D
[18:08:19:933][HID_RX_data]50-49-01-C0-90-29-00-00-03-00-0E-85-00
[18:08:19:933]50-49-01-C0-90-29-00-00-03-00-0E-85-00
[18:08:19:933]hasPulse=False
[18:08:19:962]HidD_GetFeature=True,rx_len=12
[18:08:19:962][HID_RX]06-50-49-0E-C3-00-00-00-00-02-00-E0-00-FF-FF-FF-FF-FF-FF-FF-FF-FF-FF-FF-FF-FF-FF-FF-FF-FF-FF-FF-FF-FF-FF-FF-FF-FF-FF-FF-FF-FF-FF-FF-FF-FF-FF-FF-FF-FF-FF-FF-FF-FF-FF-FF-FF-FF-FF-FF-FF-FF-FF-0C
[18:08:19:962][HID_RX_data]50-49-0E-C3-00-00-00-00-02-00-E0-00
[18:08:19:962]50-49-0E-C3-00-00-00-00-02-00-E0-00-
[18:08:19:962]hasPulse=True
[18:08:19:962]rtk_RX_thread.waiting...
[18:08:19:962]REMOTE_GET_MODE=00
[18:08:19:964]send_OTA_CMD_GET_IMAGE_VERSION=MC
[18:08:19:964][HID_TX]06-04-03-0A-00-50-41-06-06-04-00-34-01-4D-43-00-00-00-00-00-00-00-00-00-00-00-00-00-00-00-00-00-00-00-00-00-00-00-00-00-00-00-00-00-00-00-00-00-00-00-00-00-00-00-00-00-00-00-00-00-00-00-00-00-00-00-00-00-00-00-00-00-00-00-00-00-00-00-00-00-00-00-00-00-00-00-00-00-00-00-00-00-00-00-00-00-00-00-00-00-00-00-00-00-00-00-00-00-00-00-00-00-00-00-00-00-00-00-00-00-00-00-00-00-00-00-00-00-00-00-00-00-00-00-00-00-00-00-00-00-00-00-00-00-00-00-00-00-00-00-00-00-00-00-00-00-00-00-00-00-00-00-00-00-00-00-00-00-00-00-00-00-00-00-00-00-00-00-00-00-00-00-00-00-00-00-00-00-00-00-00-00-00-00-00-00-00-00-00-00-00-00-00-00-00-00-00-00-00-00-00-00-00-00-00-00-00-00-00-00-00-00-00-00-00-00-00-00-00-00-00-00-00-00-00-00-00-00-00-00-00-00-00-00-00-00-00-00-00-00-00-00-00-00-00-00-00-00-00-00-00-00-00-00-00-00-00-00-00-00-00-00-00-00-00-00-00-00-00-00-00-00-00-00-00-00-00-00-00-00-00-00-00-00-00-00-00-00-00-00-00-00-00-00-00-00-00-00-00-00-00-00-00-00-00-00-00-00-00-00-00-00-00-00-00-00-00-00-00-00-00-00-00-00-00-00-00-00-00-00-00-00-00-00-00-00-00-00-00-00-00-00-00-00-00-00-00-00-00-00-00-00-00-00-00-00-00-00-00-00-00-00-00-00-00-00-00-00-00-00-00-00-00-00-00-00-00-00-00-00-00-00-00-00-00-00-00-00-00-00-00-00-00-00-00-00-00-00-00-00-00-00-00-00-00-00-00-00-00-00-00-00-00-00-00-00-00-00-00-00-00-00-00-00-00-00-00-00-00-00-00-00-00-00-00-00-00-00-00-00-00-00-00-00-00-00-00-00-00-00-00-00-00-00-00-00-00-00-00-00-00-00-00-00-00-00-00-00-00-00-00-00-00-00-00-00-00-00-00-00-00-00-00-00-00-00-00-00-00-00-00-00-00-00-00-00-00-00-00-00-00-00-00-00-00
[18:08:19:976]HidD_SetOutputReport=True
[18:08:19:980][HID_TX_ack]06-5A-00-00-00-00-00-00
[18:08:19:980]50-41-06-06-04-00-34-01-4D-43 [CMD_SENT][OTA_CMD_GET_IMAGE_VERSION]
[18:08:20:004]HidD_GetFeature=True,rx_len=17
[18:08:20:004][HID_RX]06-50-49-01-C0-90-29-00-00-07-00-06-86-00-03-00-01-0C-FF-FF-FF-FF-FF-FF-FF-FF-FF-FF-FF-FF-FF-FF-FF-FF-FF-FF-FF-FF-FF-FF-FF-FF-FF-FF-FF-FF-FF-FF-FF-FF-FF-FF-FF-FF-FF-FF-FF-FF-FF-FF-FF-FF-FF-11
[18:08:20:004][HID_RX_data]50-49-01-C0-90-29-00-00-07-00-06-86-00-03-00-01-0C
[18:08:20:004]50-49-01-C0-90-29-00-00-07-00-06-86-00-03-00-01-0C
[18:08:20:004]hasPulse=True
[18:08:20:004]rtk_RX_thread.waiting...
[18:08:34:708][裝置沒有連線。
][System.IO.IOException]
[18:08:34:718]   於 System.IO.__Error.WinIOError(Int32 errorCode, String maybeFullPath)
   於 System.IO.FileStream.EndRead(IAsyncResult asyncResult)
   於 TwsTester.Visitors.ClassExceptionVisitor.SetupBridge(IAsyncResult res)
[18:08:34:725][裝置沒有連線。
][System.IO.IOException]
[18:08:34:726]   於 System.IO.__Error.WinIOError(Int32 errorCode, String maybeFullPath)
   於 System.IO.FileStream.BeginReadCore(Byte[] bytes, Int32 offset, Int32 numBytes, AsyncCallback userCallback, Object stateObject, Int32 numBufferedBytesRead)
   於 System.IO.FileStream.BeginReadAsync(Byte[] array, Int32 offset, Int32 numBytes, AsyncCallback userCallback, Object stateObject)
   於 System.IO.FileStream.BeginRead(Byte[] array, Int32 offset, Int32 numBytes, AsyncCallback userCallback, Object stateObject)
   於 TwsTester.Visitors.ClassExceptionVisitor.ReflectBridge()
[18:08:34:726]report__len=515
[18:08:34:726]report_data=06-08-03-00-00-00-00-00-00-00-00-00-00-00-00-00-00-00-00-00-00-00-00-00-00-00-00-00-00-00-00-00-00-00-00-00-00-00-00-00-00-00-00-00-00-00-00-00-00-00-00-00-00-00-00-00-00-00-00-00-00-00-00-00-00-00-00-00-00-00-00-00-00-00-00-00-00-00-00-00-00-00-00-00-00-00-00-00-00-00-00-00-00-00-00-00-00-00-00-00-00-00-00-00-00-00-00-00-00-00-00-00-00-00-00-00-00-00-00-00-00-00-00-00-00-00-00-00-00-00-00-00-00-00-00-00-00-00-00-00-00-00-00-00-00-00-00-00-00-00-00-00-00-00-00-00-00-00-00-00-00-00-00-00-00-00-00-00-00-00-00-00-00-00-00-00-00-00-00-00-00-00-00-00-00-00-00-00-00-00-00-00-00-00-00-00-00-00-00-00-00-00-00-00-00-00-00-00-00-00-00-00-00-00-00-00-00-00-00-00-00-00-00-00-00-00-00-00-00-00-00-00-00-00-00-00-00-00-00-00-00-00-00-00-00-00-00-00-00-00-00-00-00-00-00-00-00-00-00-00-00-00-00-00-00-00-00-00-00-00-00-00-00-00-00-00-00-00-00-00-00-00-00-00-00-00-00-00-00-00-00-00-00-00-00-00-00-00-00-00-00-00-00-00-00-00-00-00-00-00-00-00-00-00-00-00-00-00-00-00-00-00-00-00-00-00-00-00-00-00-00-00-00-00-00-00-00-00-00-00-00-00-00-00-00-00-00-00-00-00-00-00-00-00-00-00-00-00-00-00-00-00-00-00-00-00-00-00-00-00-00-00-00-00-00-00-00-00-00-00-00-00-00-00-00-00-00-00-00-00-00-00-00-00-00-00-00-00-00-00-00-00-00-00-00-00-00-00-00-00-00-00-00-00-00-00-00-00-00-00-00-00-00-00-00-00-00-00-00-00-00-00-00-00-00-00-00-00-00-00-00-00-00-00-00-00-00-00-00-00-00-00-00-00-00-00-00-00-00-00-00-00-00-00-00-00-00-00-00-00-00-00-00-00-00-00-00-00-00-00-00-00-00-00-00-00-00-00-00-00-00-00-00-00-00-00-00-00-00-00-00-00-00-00-00-00-00-00-00-00-00-00-00-00-00
[18:08:34:726]HidD_SetOutputReport_Exit_bootloader=False
[18:08:34:733][HidD_SetOutputReport fail][System.Exception]
[18:08:34:733]   於 TwsTester.Visitors.ClassExceptionVisitor.ListBridge(Boolean isfirst)
   於 TwsTester.Visitors.ClassExceptionVisitor.StopBridge()
[18:08:34:733]close_hid_stream
[18:08:34:733]rtk_RX_thread_end
[18:08:34:733]CloseHandleX
[18:08:34:733]close_hid_handle
