[09:17:06:522]\\?\hid#dell09c2&col02#5&bc4dc33&0&0001#{4d1e55b2-f16f-11cf-88cb-001111000030}
[09:17:06:522]\\?\hid#vid_046d&pid_0acb&mi_03&col04#7&328e42bb&0&0003#{4d1e55b2-f16f-11cf-88cb-001111000030}
[09:17:06:522]\\?\hid#vid_ffff&pid_bace&rev_0002&mi_00&col03#3&258c3fbc&0&0002#{4d1e55b2-f16f-11cf-88cb-001111000030}
[09:17:06:522]\\?\hid#dell09c2&col03#5&bc4dc33&0&0002#{4d1e55b2-f16f-11cf-88cb-001111000030}
[09:17:06:522]\\?\hid#vid_ffff&pid_bace&rev_0002&mi_00&col04#3&258c3fbc&0&0003#{4d1e55b2-f16f-11cf-88cb-001111000030}
[09:17:06:522]\\?\hid#intc816&col01#3&207f9b7f&0&0000#{4d1e55b2-f16f-11cf-88cb-001111000030}
[09:17:06:522]\\?\hid#vid_ffff&pid_bace&rev_0002&mi_00&col05#3&258c3fbc&0&0004#{4d1e55b2-f16f-11cf-88cb-001111000030}
[09:17:06:522]\\?\hid#intc816&col02#3&207f9b7f&0&0001#{4d1e55b2-f16f-11cf-88cb-001111000030}
[09:17:06:522]\\?\hid#vid_ffff&pid_bace&rev_0002&mi_00&col01#3&258c3fbc&0&0000#{4d1e55b2-f16f-11cf-88cb-001111000030}\kbd
[09:17:06:522]\\?\hid#converteddevice&col02#5&17bac0a6&0&0001#{4d1e55b2-f16f-11cf-88cb-001111000030}
[09:17:06:522]\\?\hid#converteddevice&col03#5&17bac0a6&0&0002#{4d1e55b2-f16f-11cf-88cb-001111000030}
[09:17:06:522]\\?\hid#dell09c2&col04#5&bc4dc33&0&0003#{4d1e55b2-f16f-11cf-88cb-001111000030}
[09:17:06:522]\\?\hid#{00001812-0000-1000-8000-00805f9b34fb}_dev_vid&0232c2_pid&0001_rev&0068_ccb624cd66b1#9&326e3aae&0&0000#{4d1e55b2-f16f-11cf-88cb-001111000030}
[09:17:06:522]\\?\hid#dell09c2&col05#5&bc4dc33&0&0004#{4d1e55b2-f16f-11cf-88cb-001111000030}
[09:17:06:522]\\?\hid#vid_ffff&pid_bace&rev_0002&mi_00&col02#3&258c3fbc&0&0001#{4d1e55b2-f16f-11cf-88cb-001111000030}\kbd
[09:17:06:522]\\?\hid#converteddevice&col01#5&17bac0a6&0&0000#{4d1e55b2-f16f-11cf-88cb-001111000030}\kbd
[09:17:06:522]\\?\hid#dell09c2&col01#5&bc4dc33&0&0000#{4d1e55b2-f16f-11cf-88cb-001111000030}
[09:17:06:522]\\?\hid#vid_046d&pid_0acb&mi_03&col01#7&328e42bb&0&0000#{4d1e55b2-f16f-11cf-88cb-001111000030}
[09:17:06:522]\\?\hid#vid_046d&pid_0acb&mi_03&col02#7&328e42bb&0&0001#{4d1e55b2-f16f-11cf-88cb-001111000030}
[09:17:06:522]\\?\hid#vid_046d&pid_0acb&mi_03&col03#7&328e42bb&0&0002#{4d1e55b2-f16f-11cf-88cb-001111000030}
[09:17:06:532]connect_auto_select
[09:17:06:532]\\?\hid#dell09c2&col02#5&bc4dc33&0&0001#{4d1e55b2-f16f-11cf-88cb-001111000030}
[09:17:06:532]\\?\hid#vid_046d&pid_0acb&mi_03&col04#7&328e42bb&0&0003#{4d1e55b2-f16f-11cf-88cb-001111000030}
[09:17:06:532]\\?\hid#vid_ffff&pid_bace&rev_0002&mi_00&col03#3&258c3fbc&0&0002#{4d1e55b2-f16f-11cf-88cb-001111000030}
[09:17:06:532]\\?\hid#dell09c2&col03#5&bc4dc33&0&0002#{4d1e55b2-f16f-11cf-88cb-001111000030}
[09:17:06:532]\\?\hid#vid_ffff&pid_bace&rev_0002&mi_00&col04#3&258c3fbc&0&0003#{4d1e55b2-f16f-11cf-88cb-001111000030}
[09:17:06:532]\\?\hid#intc816&col01#3&207f9b7f&0&0000#{4d1e55b2-f16f-11cf-88cb-001111000030}
[09:17:06:532]\\?\hid#vid_ffff&pid_bace&rev_0002&mi_00&col05#3&258c3fbc&0&0004#{4d1e55b2-f16f-11cf-88cb-001111000030}
[09:17:06:532]\\?\hid#intc816&col02#3&207f9b7f&0&0001#{4d1e55b2-f16f-11cf-88cb-001111000030}
[09:17:06:532]\\?\hid#vid_ffff&pid_bace&rev_0002&mi_00&col01#3&258c3fbc&0&0000#{4d1e55b2-f16f-11cf-88cb-001111000030}\kbd
[09:17:06:532]\\?\hid#converteddevice&col02#5&17bac0a6&0&0001#{4d1e55b2-f16f-11cf-88cb-001111000030}
[09:17:06:532]\\?\hid#converteddevice&col03#5&17bac0a6&0&0002#{4d1e55b2-f16f-11cf-88cb-001111000030}
[09:17:06:532]\\?\hid#dell09c2&col04#5&bc4dc33&0&0003#{4d1e55b2-f16f-11cf-88cb-001111000030}
[09:17:06:532]\\?\hid#{00001812-0000-1000-8000-00805f9b34fb}_dev_vid&0232c2_pid&0001_rev&0068_ccb624cd66b1#9&326e3aae&0&0000#{4d1e55b2-f16f-11cf-88cb-001111000030}
[09:17:06:532]\\?\hid#dell09c2&col05#5&bc4dc33&0&0004#{4d1e55b2-f16f-11cf-88cb-001111000030}
[09:17:06:532]\\?\hid#vid_ffff&pid_bace&rev_0002&mi_00&col02#3&258c3fbc&0&0001#{4d1e55b2-f16f-11cf-88cb-001111000030}\kbd
[09:17:06:532]\\?\hid#converteddevice&col01#5&17bac0a6&0&0000#{4d1e55b2-f16f-11cf-88cb-001111000030}\kbd
[09:17:06:532]\\?\hid#dell09c2&col01#5&bc4dc33&0&0000#{4d1e55b2-f16f-11cf-88cb-001111000030}
[09:17:06:532]\\?\hid#vid_046d&pid_0acb&mi_03&col01#7&328e42bb&0&0000#{4d1e55b2-f16f-11cf-88cb-001111000030}
[09:17:06:532]\\?\hid#vid_046d&pid_0acb&mi_03&col02#7&328e42bb&0&0001#{4d1e55b2-f16f-11cf-88cb-001111000030}
[09:17:06:532]\\?\hid#vid_046d&pid_0acb&mi_03&col03#7&328e42bb&0&0002#{4d1e55b2-f16f-11cf-88cb-001111000030}
[09:17:06:532]id=VID=046D,PID=0ACB
[09:17:06:532]	caps.InputReportByteLength=21
[09:17:06:532]	caps.OutputReportByteLength=3
[09:17:06:532]	attributes.VendorID=0x46D
[09:17:06:532]	attributes.ProductID=0xACB
[09:17:06:532]	SerialNumberString=202105190004
[09:17:06:532]	ManufacturerString=Logitech G series
[09:17:06:532]	ProductString=G435 Wireless Gaming Headset
[09:17:06:532]CloseHandleX
[09:17:06:532]id=VID=FFFF,PID=BACE
[09:17:06:532]	getCaps=null
[09:17:06:532]CloseHandleX
[09:17:06:532]id=VID=FFFF,PID=BACE
[09:17:06:532]	getCaps=null
[09:17:06:532]CloseHandleX
[09:17:06:532]id=VID=FFFF,PID=BACE
[09:17:06:532]	getCaps=null
[09:17:06:532]CloseHandleX
[09:17:06:532]id=VID=FFFF,PID=BACE
[09:17:06:532]	getCaps=null
[09:17:06:532]CloseHandleX
[09:17:06:532]id=VID=FFFF,PID=BACE
[09:17:06:532]	getCaps=null
[09:17:06:532]CloseHandleX
[09:17:06:532]id=VID=046D,PID=0ACB
[09:17:06:532]	getCaps=null
[09:17:06:532]CloseHandleX
[09:17:06:532]id=VID=046D,PID=0ACB
[09:17:06:532]	caps.InputReportByteLength=5
[09:17:06:532]	caps.OutputReportByteLength=0
[09:17:06:532]	attributes.VendorID=0x46D
[09:17:06:532]	attributes.ProductID=0xACB
[09:17:06:532]	SerialNumberString=202105190004
[09:17:06:532]	ManufacturerString=Logitech G series
[09:17:06:532]	ProductString=G435 Wireless Gaming Headset
[09:17:06:532]CloseHandleX
[09:17:06:532]id=VID=046D,PID=0ACB
[09:17:06:532]	caps.InputReportByteLength=8
[09:17:06:532]	caps.OutputReportByteLength=515
[09:17:06:532]	attributes.VendorID=0x46D
[09:17:06:532]	attributes.ProductID=0xACB
[09:17:06:532]	SerialNumberString=202105190004
[09:17:06:532]	ManufacturerString=Logitech G series
[09:17:06:542]	ProductString=G435 Wireless Gaming Headset
[09:17:06:542]CloseHandleX
[09:17:06:542]try_path=\\?\hid#vid_046d&pid_0acb&mi_03&col03#7&328e42bb&0&0002#{4d1e55b2-f16f-11cf-88cb-001111000030}
[09:17:06:542]CreateFile_ing=\\?\hid#vid_046d&pid_0acb&mi_03&col03#7&328e42bb&0&0002#{4d1e55b2-f16f-11cf-88cb-001111000030}
[09:17:06:542]CreateFile_ok=1748
[09:17:06:542]HidD_GetPreparsedData_ok=True
[09:17:06:542]HidP_GetCaps_ok=1114112
[09:17:06:542]	InputReportByteLength=8
[09:17:06:542]	OutputReportByteLength=515
[09:17:06:542]create_FileStream_ok
[09:17:06:542]rtk_RX_thread_start
[09:17:06:542]rtk_RX_thread.waiting...
[09:17:06:542]report__len=515
[09:17:06:542]report_data=06-01-03-00-00-00-00-00-00-00-00-00-00-00-00-00-00-00-00-00-00-00-00-00-00-00-00-00-00-00-00-00-00-00-00-00-00-00-00-00-00-00-00-00-00-00-00-00-00-00-00-00-00-00-00-00-00-00-00-00-00-00-00-00-00-00-00-00-00-00-00-00-00-00-00-00-00-00-00-00-00-00-00-00-00-00-00-00-00-00-00-00-00-00-00-00-00-00-00-00-00-00-00-00-00-00-00-00-00-00-00-00-00-00-00-00-00-00-00-00-00-00-00-00-00-00-00-00-00-00-00-00-00-00-00-00-00-00-00-00-00-00-00-00-00-00-00-00-00-00-00-00-00-00-00-00-00-00-00-00-00-00-00-00-00-00-00-00-00-00-00-00-00-00-00-00-00-00-00-00-00-00-00-00-00-00-00-00-00-00-00-00-00-00-00-00-00-00-00-00-00-00-00-00-00-00-00-00-00-00-00-00-00-00-00-00-00-00-00-00-00-00-00-00-00-00-00-00-00-00-00-00-00-00-00-00-00-00-00-00-00-00-00-00-00-00-00-00-00-00-00-00-00-00-00-00-00-00-00-00-00-00-00-00-00-00-00-00-00-00-00-00-00-00-00-00-00-00-00-00-00-00-00-00-00-00-00-00-00-00-00-00-00-00-00-00-00-00-00-00-00-00-00-00-00-00-00-00-00-00-00-00-00-00-00-00-00-00-00-00-00-00-00-00-00-00-00-00-00-00-00-00-00-00-00-00-00-00-00-00-00-00-00-00-00-00-00-00-00-00-00-00-00-00-00-00-00-00-00-00-00-00-00-00-00-00-00-00-00-00-00-00-00-00-00-00-00-00-00-00-00-00-00-00-00-00-00-00-00-00-00-00-00-00-00-00-00-00-00-00-00-00-00-00-00-00-00-00-00-00-00-00-00-00-00-00-00-00-00-00-00-00-00-00-00-00-00-00-00-00-00-00-00-00-00-00-00-00-00-00-00-00-00-00-00-00-00-00-00-00-00-00-00-00-00-00-00-00-00-00-00-00-00-00-00-00-00-00-00-00-00-00-00-00-00-00-00-00-00-00-00-00-00-00-00-00-00-00-00-00-00-00-00-00-00-00-00-00-00-00-00-00-00-00-00-00-00-00-00-00-00-00-00-00-00
[09:17:06:552]HidD_SetOutputReport_Enter_bootloader=True
[09:17:06:562][HID_TX_ack]06-FE-00-00-00-00-00-00
[09:17:06:562][Enter_bootloader response fail : ][System.Exception]
[09:17:06:572]   於 TwsTester.Visitors.ClassExceptionVisitor.ListBridge(Boolean isfirst)
   於 TwsTester.Visitors.ClassExceptionVisitor.CalculateBridge(String ident)
[09:17:06:572]path_connected=\\?\hid#vid_046d&pid_0acb&mi_03&col03#7&328e42bb&0&0002#{4d1e55b2-f16f-11cf-88cb-001111000030}
[09:17:06:572]pooling_start
[09:17:06:602]pooling_HidD_GetFeature=True,rx_len=0
[09:17:06:602][HID_TX]06-04-03-13-00-50-41-06-02-0D-00-25-34-12-5A-5A-01-00-00-00-F0-00-00-00-00-00-00-00-00-00-00-00-00-00-00-00-00-00-00-00-00-00-00-00-00-00-00-00-00-00-00-00-00-00-00-00-00-00-00-00-00-00-00-00-00-00-00-00-00-00-00-00-00-00-00-00-00-00-00-00-00-00-00-00-00-00-00-00-00-00-00-00-00-00-00-00-00-00-00-00-00-00-00-00-00-00-00-00-00-00-00-00-00-00-00-00-00-00-00-00-00-00-00-00-00-00-00-00-00-00-00-00-00-00-00-00-00-00-00-00-00-00-00-00-00-00-00-00-00-00-00-00-00-00-00-00-00-00-00-00-00-00-00-00-00-00-00-00-00-00-00-00-00-00-00-00-00-00-00-00-00-00-00-00-00-00-00-00-00-00-00-00-00-00-00-00-00-00-00-00-00-00-00-00-00-00-00-00-00-00-00-00-00-00-00-00-00-00-00-00-00-00-00-00-00-00-00-00-00-00-00-00-00-00-00-00-00-00-00-00-00-00-00-00-00-00-00-00-00-00-00-00-00-00-00-00-00-00-00-00-00-00-00-00-00-00-00-00-00-00-00-00-00-00-00-00-00-00-00-00-00-00-00-00-00-00-00-00-00-00-00-00-00-00-00-00-00-00-00-00-00-00-00-00-00-00-00-00-00-00-00-00-00-00-00-00-00-00-00-00-00-00-00-00-00-00-00-00-00-00-00-00-00-00-00-00-00-00-00-00-00-00-00-00-00-00-00-00-00-00-00-00-00-00-00-00-00-00-00-00-00-00-00-00-00-00-00-00-00-00-00-00-00-00-00-00-00-00-00-00-00-00-00-00-00-00-00-00-00-00-00-00-00-00-00-00-00-00-00-00-00-00-00-00-00-00-00-00-00-00-00-00-00-00-00-00-00-00-00-00-00-00-00-00-00-00-00-00-00-00-00-00-00-00-00-00-00-00-00-00-00-00-00-00-00-00-00-00-00-00-00-00-00-00-00-00-00-00-00-00-00-00-00-00-00-00-00-00-00-00-00-00-00-00-00-00-00-00-00-00-00-00-00-00-00-00-00-00-00-00-00-00-00-00-00-00-00-00-00-00-00-00-00-00-00-00-00-00-00-00-00-00-00-00-00
[09:17:06:612]HidD_SetOutputReport=True
[09:17:06:612][HID_TX_ack]06-5A-00-00-00-00-00-00
[09:17:06:612]50-41-06-02-0D-00-25-34-12-5A-5A-01-00-00-00-F0-00-00-00 [CMD_SENT][OTA_CMD_IOCTL][READ_MAX_LEN=240]
[09:17:06:642]HidD_GetFeature=True,rx_len=17
[09:17:06:642][HID_RX]06-50-49-01-C0-90-1D-02-00-07-00-06-82-00-F0-00-00-00-FF-FF-FF-FF-FF-FF-FF-FF-FF-FF-FF-FF-FF-FF-FF-FF-FF-FF-FF-FF-FF-FF-FF-FF-FF-FF-FF-FF-FF-FF-FF-FF-FF-FF-FF-FF-FF-FF-FF-FF-FF-FF-FF-FF-FF-11
[09:17:06:642][HID_RX_data]50-49-01-C0-90-1D-02-00-07-00-06-82-00-F0-00-00-00
[09:17:06:642]50-49-01-C0-90-1D-02-00-07-00-06-82-00-F0-00-00-00
[09:17:06:642]hasPulse=True
[09:17:06:642]rtk_RX_thread.waiting...
[09:17:09:666]pooling_start
[09:17:09:686]pooling_HidD_GetFeature=True,rx_len=0
[09:17:09:686][HID_TX]06-04-03-06-00-50-41-0E-03-01-E0-00-00-00-00-00-00-00-00-00-00-00-00-00-00-00-00-00-00-00-00-00-00-00-00-00-00-00-00-00-00-00-00-00-00-00-00-00-00-00-00-00-00-00-00-00-00-00-00-00-00-00-00-00-00-00-00-00-00-00-00-00-00-00-00-00-00-00-00-00-00-00-00-00-00-00-00-00-00-00-00-00-00-00-00-00-00-00-00-00-00-00-00-00-00-00-00-00-00-00-00-00-00-00-00-00-00-00-00-00-00-00-00-00-00-00-00-00-00-00-00-00-00-00-00-00-00-00-00-00-00-00-00-00-00-00-00-00-00-00-00-00-00-00-00-00-00-00-00-00-00-00-00-00-00-00-00-00-00-00-00-00-00-00-00-00-00-00-00-00-00-00-00-00-00-00-00-00-00-00-00-00-00-00-00-00-00-00-00-00-00-00-00-00-00-00-00-00-00-00-00-00-00-00-00-00-00-00-00-00-00-00-00-00-00-00-00-00-00-00-00-00-00-00-00-00-00-00-00-00-00-00-00-00-00-00-00-00-00-00-00-00-00-00-00-00-00-00-00-00-00-00-00-00-00-00-00-00-00-00-00-00-00-00-00-00-00-00-00-00-00-00-00-00-00-00-00-00-00-00-00-00-00-00-00-00-00-00-00-00-00-00-00-00-00-00-00-00-00-00-00-00-00-00-00-00-00-00-00-00-00-00-00-00-00-00-00-00-00-00-00-00-00-00-00-00-00-00-00-00-00-00-00-00-00-00-00-00-00-00-00-00-00-00-00-00-00-00-00-00-00-00-00-00-00-00-00-00-00-00-00-00-00-00-00-00-00-00-00-00-00-00-00-00-00-00-00-00-00-00-00-00-00-00-00-00-00-00-00-00-00-00-00-00-00-00-00-00-00-00-00-00-00-00-00-00-00-00-00-00-00-00-00-00-00-00-00-00-00-00-00-00-00-00-00-00-00-00-00-00-00-00-00-00-00-00-00-00-00-00-00-00-00-00-00-00-00-00-00-00-00-00-00-00-00-00-00-00-00-00-00-00-00-00-00-00-00-00-00-00-00-00-00-00-00-00-00-00-00-00-00-00-00-00-00-00-00-00-00-00-00-00-00-00-00-00-00-00-00-00-00-00-00-00-00
[09:17:09:696]HidD_SetOutputReport=True
[09:17:09:706][HID_TX_ack]06-5A-00-00-00-00-00-00
[09:17:09:706]50-41-0E-03-01-E0 [CMD_SENT][REMOTE_GET_MODE]
[09:17:09:726]HidD_GetFeature=True,rx_len=13
[09:17:09:726][HID_RX]06-50-49-01-C0-90-27-02-00-03-00-0E-83-00-FF-FF-FF-FF-FF-FF-FF-FF-FF-FF-FF-FF-FF-FF-FF-FF-FF-FF-FF-FF-FF-FF-FF-FF-FF-FF-FF-FF-FF-FF-FF-FF-FF-FF-FF-FF-FF-FF-FF-FF-FF-FF-FF-FF-FF-FF-FF-FF-FF-0D
[09:17:09:726][HID_RX_data]50-49-01-C0-90-27-02-00-03-00-0E-83-00
[09:17:09:726]50-49-01-C0-90-27-02-00-03-00-0E-83-00
[09:17:09:726]hasPulse=False
[09:17:09:756]HidD_GetFeature=True,rx_len=12
[09:17:09:756][HID_RX]06-50-49-0E-C4-00-00-00-00-02-00-E0-00-FF-FF-FF-FF-FF-FF-FF-FF-FF-FF-FF-FF-FF-FF-FF-FF-FF-FF-FF-FF-FF-FF-FF-FF-FF-FF-FF-FF-FF-FF-FF-FF-FF-FF-FF-FF-FF-FF-FF-FF-FF-FF-FF-FF-FF-FF-FF-FF-FF-FF-0C
[09:17:09:756][HID_RX_data]50-49-0E-C4-00-00-00-00-02-00-E0-00
[09:17:09:756]50-49-0E-C4-00-00-00-00-02-00-E0-00-
[09:17:09:756]REMOTE_GET_MODE=00
[09:17:09:756]hasPulse=True
[09:17:09:756]rtk_RX_thread.waiting...
[09:17:09:756][HID_TX]06-04-03-08-00-50-41-06-04-02-00-43-C2-00-00-00-00-00-00-00-00-00-00-00-00-00-00-00-00-00-00-00-00-00-00-00-00-00-00-00-00-00-00-00-00-00-00-00-00-00-00-00-00-00-00-00-00-00-00-00-00-00-00-00-00-00-00-00-00-00-00-00-00-00-00-00-00-00-00-00-00-00-00-00-00-00-00-00-00-00-00-00-00-00-00-00-00-00-00-00-00-00-00-00-00-00-00-00-00-00-00-00-00-00-00-00-00-00-00-00-00-00-00-00-00-00-00-00-00-00-00-00-00-00-00-00-00-00-00-00-00-00-00-00-00-00-00-00-00-00-00-00-00-00-00-00-00-00-00-00-00-00-00-00-00-00-00-00-00-00-00-00-00-00-00-00-00-00-00-00-00-00-00-00-00-00-00-00-00-00-00-00-00-00-00-00-00-00-00-00-00-00-00-00-00-00-00-00-00-00-00-00-00-00-00-00-00-00-00-00-00-00-00-00-00-00-00-00-00-00-00-00-00-00-00-00-00-00-00-00-00-00-00-00-00-00-00-00-00-00-00-00-00-00-00-00-00-00-00-00-00-00-00-00-00-00-00-00-00-00-00-00-00-00-00-00-00-00-00-00-00-00-00-00-00-00-00-00-00-00-00-00-00-00-00-00-00-00-00-00-00-00-00-00-00-00-00-00-00-00-00-00-00-00-00-00-00-00-00-00-00-00-00-00-00-00-00-00-00-00-00-00-00-00-00-00-00-00-00-00-00-00-00-00-00-00-00-00-00-00-00-00-00-00-00-00-00-00-00-00-00-00-00-00-00-00-00-00-00-00-00-00-00-00-00-00-00-00-00-00-00-00-00-00-00-00-00-00-00-00-00-00-00-00-00-00-00-00-00-00-00-00-00-00-00-00-00-00-00-00-00-00-00-00-00-00-00-00-00-00-00-00-00-00-00-00-00-00-00-00-00-00-00-00-00-00-00-00-00-00-00-00-00-00-00-00-00-00-00-00-00-00-00-00-00-00-00-00-00-00-00-00-00-00-00-00-00-00-00-00-00-00-00-00-00-00-00-00-00-00-00-00-00-00-00-00-00-00-00-00-00-00-00-00-00-00-00-00-00-00-00-00-00-00-00-00-00-00-00-00-00-00-00-00-00
[09:17:09:776]HidD_SetOutputReport=True
[09:17:09:776][HID_TX_ack]06-5A-00-00-00-00-00-00
[09:17:09:776]50-41-06-04-02-00-43-C2 [CMD_SENT][CMD_READ_MP_DATA_BY_ID]
[09:17:09:796]HidD_GetFeature=True,rx_len=15
[09:17:09:796][HID_RX]06-50-49-01-C0-90-27-02-00-05-00-06-84-00-30-32-FF-FF-FF-FF-FF-FF-FF-FF-FF-FF-FF-FF-FF-FF-FF-FF-FF-FF-FF-FF-FF-FF-FF-FF-FF-FF-FF-FF-FF-FF-FF-FF-FF-FF-FF-FF-FF-FF-FF-FF-FF-FF-FF-FF-FF-FF-FF-0F
[09:17:09:796][HID_RX_data]50-49-01-C0-90-27-02-00-05-00-06-84-00-30-32
[09:17:09:796]50-49-01-C0-90-27-02-00-05-00-06-84-00-30-32
[09:17:09:796]hasPulse=True
[09:17:09:796]rtk_RX_thread.waiting...
