[09:15:53:700]\\?\hid#dell09c2&col02#5&bc4dc33&0&0001#{4d1e55b2-f16f-11cf-88cb-001111000030}
[09:15:53:700]\\?\hid#vid_046d&pid_0acb&mi_03&col04#7&328e42bb&0&0003#{4d1e55b2-f16f-11cf-88cb-001111000030}
[09:15:53:700]\\?\hid#vid_ffff&pid_bace&rev_0002&mi_00&col03#3&258c3fbc&0&0002#{4d1e55b2-f16f-11cf-88cb-001111000030}
[09:15:53:700]\\?\hid#dell09c2&col03#5&bc4dc33&0&0002#{4d1e55b2-f16f-11cf-88cb-001111000030}
[09:15:53:700]\\?\hid#vid_ffff&pid_bace&rev_0002&mi_00&col04#3&258c3fbc&0&0003#{4d1e55b2-f16f-11cf-88cb-001111000030}
[09:15:53:700]\\?\hid#intc816&col01#3&207f9b7f&0&0000#{4d1e55b2-f16f-11cf-88cb-001111000030}
[09:15:53:700]\\?\hid#vid_ffff&pid_bace&rev_0002&mi_00&col05#3&258c3fbc&0&0004#{4d1e55b2-f16f-11cf-88cb-001111000030}
[09:15:53:700]\\?\hid#intc816&col02#3&207f9b7f&0&0001#{4d1e55b2-f16f-11cf-88cb-001111000030}
[09:15:53:700]\\?\hid#vid_ffff&pid_bace&rev_0002&mi_00&col01#3&258c3fbc&0&0000#{4d1e55b2-f16f-11cf-88cb-001111000030}\kbd
[09:15:53:700]\\?\hid#converteddevice&col02#5&17bac0a6&0&0001#{4d1e55b2-f16f-11cf-88cb-001111000030}
[09:15:53:700]\\?\hid#converteddevice&col03#5&17bac0a6&0&0002#{4d1e55b2-f16f-11cf-88cb-001111000030}
[09:15:53:700]\\?\hid#dell09c2&col04#5&bc4dc33&0&0003#{4d1e55b2-f16f-11cf-88cb-001111000030}
[09:15:53:700]\\?\hid#{00001812-0000-1000-8000-00805f9b34fb}_dev_vid&0232c2_pid&0001_rev&0068_ccb624cd66b1#9&326e3aae&0&0000#{4d1e55b2-f16f-11cf-88cb-001111000030}
[09:15:53:700]\\?\hid#dell09c2&col05#5&bc4dc33&0&0004#{4d1e55b2-f16f-11cf-88cb-001111000030}
[09:15:53:700]\\?\hid#vid_ffff&pid_bace&rev_0002&mi_00&col02#3&258c3fbc&0&0001#{4d1e55b2-f16f-11cf-88cb-001111000030}\kbd
[09:15:53:700]\\?\hid#converteddevice&col01#5&17bac0a6&0&0000#{4d1e55b2-f16f-11cf-88cb-001111000030}\kbd
[09:15:53:700]\\?\hid#dell09c2&col01#5&bc4dc33&0&0000#{4d1e55b2-f16f-11cf-88cb-001111000030}
[09:15:53:700]\\?\hid#vid_046d&pid_0acb&mi_03&col01#7&328e42bb&0&0000#{4d1e55b2-f16f-11cf-88cb-001111000030}
[09:15:53:700]\\?\hid#vid_046d&pid_0acb&mi_03&col02#7&328e42bb&0&0001#{4d1e55b2-f16f-11cf-88cb-001111000030}
[09:15:53:700]\\?\hid#vid_046d&pid_0acb&mi_03&col03#7&328e42bb&0&0002#{4d1e55b2-f16f-11cf-88cb-001111000030}
[09:15:53:700]connect_auto_select
[09:15:53:700]\\?\hid#dell09c2&col02#5&bc4dc33&0&0001#{4d1e55b2-f16f-11cf-88cb-001111000030}
[09:15:53:700]\\?\hid#vid_046d&pid_0acb&mi_03&col04#7&328e42bb&0&0003#{4d1e55b2-f16f-11cf-88cb-001111000030}
[09:15:53:700]\\?\hid#vid_ffff&pid_bace&rev_0002&mi_00&col03#3&258c3fbc&0&0002#{4d1e55b2-f16f-11cf-88cb-001111000030}
[09:15:53:700]\\?\hid#dell09c2&col03#5&bc4dc33&0&0002#{4d1e55b2-f16f-11cf-88cb-001111000030}
[09:15:53:700]\\?\hid#vid_ffff&pid_bace&rev_0002&mi_00&col04#3&258c3fbc&0&0003#{4d1e55b2-f16f-11cf-88cb-001111000030}
[09:15:53:700]\\?\hid#intc816&col01#3&207f9b7f&0&0000#{4d1e55b2-f16f-11cf-88cb-001111000030}
[09:15:53:700]\\?\hid#vid_ffff&pid_bace&rev_0002&mi_00&col05#3&258c3fbc&0&0004#{4d1e55b2-f16f-11cf-88cb-001111000030}
[09:15:53:700]\\?\hid#intc816&col02#3&207f9b7f&0&0001#{4d1e55b2-f16f-11cf-88cb-001111000030}
[09:15:53:700]\\?\hid#vid_ffff&pid_bace&rev_0002&mi_00&col01#3&258c3fbc&0&0000#{4d1e55b2-f16f-11cf-88cb-001111000030}\kbd
[09:15:53:700]\\?\hid#converteddevice&col02#5&17bac0a6&0&0001#{4d1e55b2-f16f-11cf-88cb-001111000030}
[09:15:53:700]\\?\hid#converteddevice&col03#5&17bac0a6&0&0002#{4d1e55b2-f16f-11cf-88cb-001111000030}
[09:15:53:700]\\?\hid#dell09c2&col04#5&bc4dc33&0&0003#{4d1e55b2-f16f-11cf-88cb-001111000030}
[09:15:53:700]\\?\hid#{00001812-0000-1000-8000-00805f9b34fb}_dev_vid&0232c2_pid&0001_rev&0068_ccb624cd66b1#9&326e3aae&0&0000#{4d1e55b2-f16f-11cf-88cb-001111000030}
[09:15:53:700]\\?\hid#dell09c2&col05#5&bc4dc33&0&0004#{4d1e55b2-f16f-11cf-88cb-001111000030}
[09:15:53:700]\\?\hid#vid_ffff&pid_bace&rev_0002&mi_00&col02#3&258c3fbc&0&0001#{4d1e55b2-f16f-11cf-88cb-001111000030}\kbd
[09:15:53:700]\\?\hid#converteddevice&col01#5&17bac0a6&0&0000#{4d1e55b2-f16f-11cf-88cb-001111000030}\kbd
[09:15:53:700]\\?\hid#dell09c2&col01#5&bc4dc33&0&0000#{4d1e55b2-f16f-11cf-88cb-001111000030}
[09:15:53:700]\\?\hid#vid_046d&pid_0acb&mi_03&col01#7&328e42bb&0&0000#{4d1e55b2-f16f-11cf-88cb-001111000030}
[09:15:53:700]\\?\hid#vid_046d&pid_0acb&mi_03&col02#7&328e42bb&0&0001#{4d1e55b2-f16f-11cf-88cb-001111000030}
[09:15:53:700]\\?\hid#vid_046d&pid_0acb&mi_03&col03#7&328e42bb&0&0002#{4d1e55b2-f16f-11cf-88cb-001111000030}
[09:15:53:700]id=VID=046D,PID=0ACB
[09:15:53:700]	caps.InputReportByteLength=21
[09:15:53:700]	caps.OutputReportByteLength=3
[09:15:53:700]	attributes.VendorID=0x46D
[09:15:53:700]	attributes.ProductID=0xACB
[09:15:53:700]	SerialNumberString=202105190004
[09:15:53:710]	ManufacturerString=Logitech G series
[09:15:53:710]	ProductString=G435 Wireless Gaming Headset
[09:15:53:710]CloseHandleX
[09:15:53:710]id=VID=FFFF,PID=BACE
[09:15:53:710]	getCaps=null
[09:15:53:710]CloseHandleX
[09:15:53:710]id=VID=FFFF,PID=BACE
[09:15:53:710]	getCaps=null
[09:15:53:710]CloseHandleX
[09:15:53:710]id=VID=FFFF,PID=BACE
[09:15:53:710]	getCaps=null
[09:15:53:710]CloseHandleX
[09:15:53:710]id=VID=FFFF,PID=BACE
[09:15:53:710]	getCaps=null
[09:15:53:710]CloseHandleX
[09:15:53:710]id=VID=FFFF,PID=BACE
[09:15:53:710]	getCaps=null
[09:15:53:710]CloseHandleX
[09:15:53:710]id=VID=046D,PID=0ACB
[09:15:53:710]	getCaps=null
[09:15:53:710]CloseHandleX
[09:15:53:710]id=VID=046D,PID=0ACB
[09:15:53:710]	caps.InputReportByteLength=5
[09:15:53:710]	caps.OutputReportByteLength=0
[09:15:53:710]	attributes.VendorID=0x46D
[09:15:53:710]	attributes.ProductID=0xACB
[09:15:53:710]	SerialNumberString=202105190004
[09:15:53:710]	ManufacturerString=Logitech G series
[09:15:53:710]	ProductString=G435 Wireless Gaming Headset
[09:15:53:710]CloseHandleX
[09:15:53:710]id=VID=046D,PID=0ACB
[09:15:53:710]	caps.InputReportByteLength=8
[09:15:53:710]	caps.OutputReportByteLength=515
[09:15:53:710]	attributes.VendorID=0x46D
[09:15:53:710]	attributes.ProductID=0xACB
[09:15:53:710]	SerialNumberString=202105190004
[09:15:53:710]	ManufacturerString=Logitech G series
[09:15:53:710]	ProductString=G435 Wireless Gaming Headset
[09:15:53:710]CloseHandleX
[09:15:53:710]try_path=\\?\hid#vid_046d&pid_0acb&mi_03&col03#7&328e42bb&0&0002#{4d1e55b2-f16f-11cf-88cb-001111000030}
[09:15:53:710]CreateFile_ing=\\?\hid#vid_046d&pid_0acb&mi_03&col03#7&328e42bb&0&0002#{4d1e55b2-f16f-11cf-88cb-001111000030}
[09:15:53:710]CreateFile_ok=1640
[09:15:53:710]HidD_GetPreparsedData_ok=True
[09:15:53:710]HidP_GetCaps_ok=1114112
[09:15:53:710]	InputReportByteLength=8
[09:15:53:710]	OutputReportByteLength=515
[09:15:53:710]create_FileStream_ok
[09:15:53:720]rtk_RX_thread_start
[09:15:53:720]rtk_RX_thread.waiting...
[09:15:53:720]report__len=515
[09:15:53:720]report_data=06-01-03-00-00-00-00-00-00-00-00-00-00-00-00-00-00-00-00-00-00-00-00-00-00-00-00-00-00-00-00-00-00-00-00-00-00-00-00-00-00-00-00-00-00-00-00-00-00-00-00-00-00-00-00-00-00-00-00-00-00-00-00-00-00-00-00-00-00-00-00-00-00-00-00-00-00-00-00-00-00-00-00-00-00-00-00-00-00-00-00-00-00-00-00-00-00-00-00-00-00-00-00-00-00-00-00-00-00-00-00-00-00-00-00-00-00-00-00-00-00-00-00-00-00-00-00-00-00-00-00-00-00-00-00-00-00-00-00-00-00-00-00-00-00-00-00-00-00-00-00-00-00-00-00-00-00-00-00-00-00-00-00-00-00-00-00-00-00-00-00-00-00-00-00-00-00-00-00-00-00-00-00-00-00-00-00-00-00-00-00-00-00-00-00-00-00-00-00-00-00-00-00-00-00-00-00-00-00-00-00-00-00-00-00-00-00-00-00-00-00-00-00-00-00-00-00-00-00-00-00-00-00-00-00-00-00-00-00-00-00-00-00-00-00-00-00-00-00-00-00-00-00-00-00-00-00-00-00-00-00-00-00-00-00-00-00-00-00-00-00-00-00-00-00-00-00-00-00-00-00-00-00-00-00-00-00-00-00-00-00-00-00-00-00-00-00-00-00-00-00-00-00-00-00-00-00-00-00-00-00-00-00-00-00-00-00-00-00-00-00-00-00-00-00-00-00-00-00-00-00-00-00-00-00-00-00-00-00-00-00-00-00-00-00-00-00-00-00-00-00-00-00-00-00-00-00-00-00-00-00-00-00-00-00-00-00-00-00-00-00-00-00-00-00-00-00-00-00-00-00-00-00-00-00-00-00-00-00-00-00-00-00-00-00-00-00-00-00-00-00-00-00-00-00-00-00-00-00-00-00-00-00-00-00-00-00-00-00-00-00-00-00-00-00-00-00-00-00-00-00-00-00-00-00-00-00-00-00-00-00-00-00-00-00-00-00-00-00-00-00-00-00-00-00-00-00-00-00-00-00-00-00-00-00-00-00-00-00-00-00-00-00-00-00-00-00-00-00-00-00-00-00-00-00-00-00-00-00-00-00-00-00-00-00-00-00-00-00-00-00-00-00-00-00-00-00-00-00-00-00-00-00-00-00
[09:15:53:732]HidD_SetOutputReport_Enter_bootloader=True
[09:15:53:741][HID_TX_ack]06-5A-00-00-00-00-00-00
[09:15:53:741]path_connected=\\?\hid#vid_046d&pid_0acb&mi_03&col03#7&328e42bb&0&0002#{4d1e55b2-f16f-11cf-88cb-001111000030}
[09:15:53:744]pooling_start
[09:15:53:769]pooling_HidD_GetFeature=True,rx_len=0
[09:15:53:769][HID_TX]06-04-03-13-00-50-41-06-01-0D-00-25-34-12-5A-5A-01-00-00-00-F0-00-00-00-00-00-00-00-00-00-00-00-00-00-00-00-00-00-00-00-00-00-00-00-00-00-00-00-00-00-00-00-00-00-00-00-00-00-00-00-00-00-00-00-00-00-00-00-00-00-00-00-00-00-00-00-00-00-00-00-00-00-00-00-00-00-00-00-00-00-00-00-00-00-00-00-00-00-00-00-00-00-00-00-00-00-00-00-00-00-00-00-00-00-00-00-00-00-00-00-00-00-00-00-00-00-00-00-00-00-00-00-00-00-00-00-00-00-00-00-00-00-00-00-00-00-00-00-00-00-00-00-00-00-00-00-00-00-00-00-00-00-00-00-00-00-00-00-00-00-00-00-00-00-00-00-00-00-00-00-00-00-00-00-00-00-00-00-00-00-00-00-00-00-00-00-00-00-00-00-00-00-00-00-00-00-00-00-00-00-00-00-00-00-00-00-00-00-00-00-00-00-00-00-00-00-00-00-00-00-00-00-00-00-00-00-00-00-00-00-00-00-00-00-00-00-00-00-00-00-00-00-00-00-00-00-00-00-00-00-00-00-00-00-00-00-00-00-00-00-00-00-00-00-00-00-00-00-00-00-00-00-00-00-00-00-00-00-00-00-00-00-00-00-00-00-00-00-00-00-00-00-00-00-00-00-00-00-00-00-00-00-00-00-00-00-00-00-00-00-00-00-00-00-00-00-00-00-00-00-00-00-00-00-00-00-00-00-00-00-00-00-00-00-00-00-00-00-00-00-00-00-00-00-00-00-00-00-00-00-00-00-00-00-00-00-00-00-00-00-00-00-00-00-00-00-00-00-00-00-00-00-00-00-00-00-00-00-00-00-00-00-00-00-00-00-00-00-00-00-00-00-00-00-00-00-00-00-00-00-00-00-00-00-00-00-00-00-00-00-00-00-00-00-00-00-00-00-00-00-00-00-00-00-00-00-00-00-00-00-00-00-00-00-00-00-00-00-00-00-00-00-00-00-00-00-00-00-00-00-00-00-00-00-00-00-00-00-00-00-00-00-00-00-00-00-00-00-00-00-00-00-00-00-00-00-00-00-00-00-00-00-00-00-00-00-00-00-00-00-00-00-00-00-00-00-00-00-00-00-00-00-00-00-00
[09:15:53:780]HidD_SetOutputReport=True
[09:15:53:781][HID_TX_ack]06-5A-00-00-00-00-00-00
[09:15:53:781]50-41-06-01-0D-00-25-34-12-5A-5A-01-00-00-00-F0-00-00-00 [CMD_SENT][OTA_CMD_IOCTL][READ_MAX_LEN=240]
[09:15:53:811]HidD_GetFeature=True,rx_len=17
[09:15:53:811][HID_RX]06-50-49-01-C0-82-3A-01-00-07-00-06-81-00-F0-00-00-00-FF-FF-FF-FF-FF-FF-FF-FF-FF-FF-FF-FF-FF-FF-FF-FF-FF-FF-FF-FF-FF-FF-FF-FF-FF-FF-FF-FF-FF-FF-FF-FF-FF-FF-FF-FF-FF-FF-FF-FF-FF-FF-FF-FF-FF-11
[09:15:53:811][HID_RX_data]50-49-01-C0-82-3A-01-00-07-00-06-81-00-F0-00-00-00
[09:15:53:811]50-49-01-C0-82-3A-01-00-07-00-06-81-00-F0-00-00-00
[09:15:53:811]hasPulse=True
[09:15:53:811]rtk_RX_thread.waiting...
[09:16:04:897]pooling_start
[09:16:04:928]pooling_HidD_GetFeature=True,rx_len=0
[09:16:04:928][HID_TX]06-04-03-06-00-50-41-0E-02-01-E0-00-00-00-00-00-00-00-00-00-00-00-00-00-00-00-00-00-00-00-00-00-00-00-00-00-00-00-00-00-00-00-00-00-00-00-00-00-00-00-00-00-00-00-00-00-00-00-00-00-00-00-00-00-00-00-00-00-00-00-00-00-00-00-00-00-00-00-00-00-00-00-00-00-00-00-00-00-00-00-00-00-00-00-00-00-00-00-00-00-00-00-00-00-00-00-00-00-00-00-00-00-00-00-00-00-00-00-00-00-00-00-00-00-00-00-00-00-00-00-00-00-00-00-00-00-00-00-00-00-00-00-00-00-00-00-00-00-00-00-00-00-00-00-00-00-00-00-00-00-00-00-00-00-00-00-00-00-00-00-00-00-00-00-00-00-00-00-00-00-00-00-00-00-00-00-00-00-00-00-00-00-00-00-00-00-00-00-00-00-00-00-00-00-00-00-00-00-00-00-00-00-00-00-00-00-00-00-00-00-00-00-00-00-00-00-00-00-00-00-00-00-00-00-00-00-00-00-00-00-00-00-00-00-00-00-00-00-00-00-00-00-00-00-00-00-00-00-00-00-00-00-00-00-00-00-00-00-00-00-00-00-00-00-00-00-00-00-00-00-00-00-00-00-00-00-00-00-00-00-00-00-00-00-00-00-00-00-00-00-00-00-00-00-00-00-00-00-00-00-00-00-00-00-00-00-00-00-00-00-00-00-00-00-00-00-00-00-00-00-00-00-00-00-00-00-00-00-00-00-00-00-00-00-00-00-00-00-00-00-00-00-00-00-00-00-00-00-00-00-00-00-00-00-00-00-00-00-00-00-00-00-00-00-00-00-00-00-00-00-00-00-00-00-00-00-00-00-00-00-00-00-00-00-00-00-00-00-00-00-00-00-00-00-00-00-00-00-00-00-00-00-00-00-00-00-00-00-00-00-00-00-00-00-00-00-00-00-00-00-00-00-00-00-00-00-00-00-00-00-00-00-00-00-00-00-00-00-00-00-00-00-00-00-00-00-00-00-00-00-00-00-00-00-00-00-00-00-00-00-00-00-00-00-00-00-00-00-00-00-00-00-00-00-00-00-00-00-00-00-00-00-00-00-00-00-00-00-00-00-00-00-00-00-00-00-00-00-00-00-00-00-00-00-00
[09:16:04:938]HidD_SetOutputReport=True
[09:16:04:948][HID_TX_ack]06-5A-00-00-00-00-00-00
[09:16:04:948]50-41-0E-02-01-E0 [CMD_SENT][REMOTE_GET_MODE]
[09:16:04:967]HidD_GetFeature=True,rx_len=13
[09:16:04:967][HID_RX]06-50-49-01-C0-63-5D-01-00-03-00-0E-82-00-FF-FF-FF-FF-FF-FF-FF-FF-FF-FF-FF-FF-FF-FF-FF-FF-FF-FF-FF-FF-FF-FF-FF-FF-FF-FF-FF-FF-FF-FF-FF-FF-FF-FF-FF-FF-FF-FF-FF-FF-FF-FF-FF-FF-FF-FF-FF-FF-FF-0D
[09:16:04:967][HID_RX_data]50-49-01-C0-63-5D-01-00-03-00-0E-82-00
[09:16:04:967]50-49-01-C0-63-5D-01-00-03-00-0E-82-00
[09:16:04:967]hasPulse=False
[09:16:04:998]HidD_GetFeature=True,rx_len=12
[09:16:04:998][HID_RX]06-50-49-0E-C2-00-00-00-00-02-00-E0-00-FF-FF-FF-FF-FF-FF-FF-FF-FF-FF-FF-FF-FF-FF-FF-FF-FF-FF-FF-FF-FF-FF-FF-FF-FF-FF-FF-FF-FF-FF-FF-FF-FF-FF-FF-FF-FF-FF-FF-FF-FF-FF-FF-FF-FF-FF-FF-FF-FF-FF-0C
[09:16:04:998][HID_RX_data]50-49-0E-C2-00-00-00-00-02-00-E0-00
[09:16:04:998]50-49-0E-C2-00-00-00-00-02-00-E0-00-
[09:16:04:998]REMOTE_GET_MODE=00
[09:16:04:998]hasPulse=True
[09:16:04:998]rtk_RX_thread.waiting...
[09:16:04:998][HID_TX]06-04-03-08-00-50-41-06-03-02-00-43-C2-00-00-00-00-00-00-00-00-00-00-00-00-00-00-00-00-00-00-00-00-00-00-00-00-00-00-00-00-00-00-00-00-00-00-00-00-00-00-00-00-00-00-00-00-00-00-00-00-00-00-00-00-00-00-00-00-00-00-00-00-00-00-00-00-00-00-00-00-00-00-00-00-00-00-00-00-00-00-00-00-00-00-00-00-00-00-00-00-00-00-00-00-00-00-00-00-00-00-00-00-00-00-00-00-00-00-00-00-00-00-00-00-00-00-00-00-00-00-00-00-00-00-00-00-00-00-00-00-00-00-00-00-00-00-00-00-00-00-00-00-00-00-00-00-00-00-00-00-00-00-00-00-00-00-00-00-00-00-00-00-00-00-00-00-00-00-00-00-00-00-00-00-00-00-00-00-00-00-00-00-00-00-00-00-00-00-00-00-00-00-00-00-00-00-00-00-00-00-00-00-00-00-00-00-00-00-00-00-00-00-00-00-00-00-00-00-00-00-00-00-00-00-00-00-00-00-00-00-00-00-00-00-00-00-00-00-00-00-00-00-00-00-00-00-00-00-00-00-00-00-00-00-00-00-00-00-00-00-00-00-00-00-00-00-00-00-00-00-00-00-00-00-00-00-00-00-00-00-00-00-00-00-00-00-00-00-00-00-00-00-00-00-00-00-00-00-00-00-00-00-00-00-00-00-00-00-00-00-00-00-00-00-00-00-00-00-00-00-00-00-00-00-00-00-00-00-00-00-00-00-00-00-00-00-00-00-00-00-00-00-00-00-00-00-00-00-00-00-00-00-00-00-00-00-00-00-00-00-00-00-00-00-00-00-00-00-00-00-00-00-00-00-00-00-00-00-00-00-00-00-00-00-00-00-00-00-00-00-00-00-00-00-00-00-00-00-00-00-00-00-00-00-00-00-00-00-00-00-00-00-00-00-00-00-00-00-00-00-00-00-00-00-00-00-00-00-00-00-00-00-00-00-00-00-00-00-00-00-00-00-00-00-00-00-00-00-00-00-00-00-00-00-00-00-00-00-00-00-00-00-00-00-00-00-00-00-00-00-00-00-00-00-00-00-00-00-00-00-00-00-00-00-00-00-00-00-00-00-00-00-00-00-00-00-00-00-00-00-00-00-00-00
[09:16:05:007]HidD_SetOutputReport=True
[09:16:05:007][HID_TX_ack]06-5A-00-00-00-00-00-00
[09:16:05:007]50-41-06-03-02-00-43-C2 [CMD_SENT][CMD_READ_MP_DATA_BY_ID]
[09:16:05:037]HidD_GetFeature=True,rx_len=15
[09:16:05:037][HID_RX]06-50-49-01-C0-90-5D-01-00-05-00-06-83-00-30-32-FF-FF-FF-FF-FF-FF-FF-FF-FF-FF-FF-FF-FF-FF-FF-FF-FF-FF-FF-FF-FF-FF-FF-FF-FF-FF-FF-FF-FF-FF-FF-FF-FF-FF-FF-FF-FF-FF-FF-FF-FF-FF-FF-FF-FF-FF-FF-0F
[09:16:05:037][HID_RX_data]50-49-01-C0-90-5D-01-00-05-00-06-83-00-30-32
[09:16:05:037]50-49-01-C0-90-5D-01-00-05-00-06-83-00-30-32
[09:16:05:037]hasPulse=True
[09:16:05:037]rtk_RX_thread.waiting...
[09:16:35:781]pooling_start
[09:16:35:802]pooling_HidD_GetFeature=True,rx_len=0
[09:16:35:802][HID_TX]06-04-03-06-00-50-41-0E-04-01-E0-00-00-00-00-00-00-00-00-00-00-00-00-00-00-00-00-00-00-00-00-00-00-00-00-00-00-00-00-00-00-00-00-00-00-00-00-00-00-00-00-00-00-00-00-00-00-00-00-00-00-00-00-00-00-00-00-00-00-00-00-00-00-00-00-00-00-00-00-00-00-00-00-00-00-00-00-00-00-00-00-00-00-00-00-00-00-00-00-00-00-00-00-00-00-00-00-00-00-00-00-00-00-00-00-00-00-00-00-00-00-00-00-00-00-00-00-00-00-00-00-00-00-00-00-00-00-00-00-00-00-00-00-00-00-00-00-00-00-00-00-00-00-00-00-00-00-00-00-00-00-00-00-00-00-00-00-00-00-00-00-00-00-00-00-00-00-00-00-00-00-00-00-00-00-00-00-00-00-00-00-00-00-00-00-00-00-00-00-00-00-00-00-00-00-00-00-00-00-00-00-00-00-00-00-00-00-00-00-00-00-00-00-00-00-00-00-00-00-00-00-00-00-00-00-00-00-00-00-00-00-00-00-00-00-00-00-00-00-00-00-00-00-00-00-00-00-00-00-00-00-00-00-00-00-00-00-00-00-00-00-00-00-00-00-00-00-00-00-00-00-00-00-00-00-00-00-00-00-00-00-00-00-00-00-00-00-00-00-00-00-00-00-00-00-00-00-00-00-00-00-00-00-00-00-00-00-00-00-00-00-00-00-00-00-00-00-00-00-00-00-00-00-00-00-00-00-00-00-00-00-00-00-00-00-00-00-00-00-00-00-00-00-00-00-00-00-00-00-00-00-00-00-00-00-00-00-00-00-00-00-00-00-00-00-00-00-00-00-00-00-00-00-00-00-00-00-00-00-00-00-00-00-00-00-00-00-00-00-00-00-00-00-00-00-00-00-00-00-00-00-00-00-00-00-00-00-00-00-00-00-00-00-00-00-00-00-00-00-00-00-00-00-00-00-00-00-00-00-00-00-00-00-00-00-00-00-00-00-00-00-00-00-00-00-00-00-00-00-00-00-00-00-00-00-00-00-00-00-00-00-00-00-00-00-00-00-00-00-00-00-00-00-00-00-00-00-00-00-00-00-00-00-00-00-00-00-00-00-00-00-00-00-00-00-00-00-00-00-00-00-00-00-00-00
[09:16:35:812]HidD_SetOutputReport=True
[09:16:35:822][HID_TX_ack]06-5A-00-00-00-00-00-00
[09:16:35:822]50-41-0E-04-01-E0 [CMD_SENT][REMOTE_GET_MODE]
[09:16:35:841]HidD_GetFeature=True,rx_len=13
[09:16:35:841][HID_RX]06-50-49-01-C0-91-BD-01-00-03-00-0E-84-00-FF-FF-FF-FF-FF-FF-FF-FF-FF-FF-FF-FF-FF-FF-FF-FF-FF-FF-FF-FF-FF-FF-FF-FF-FF-FF-FF-FF-FF-FF-FF-FF-FF-FF-FF-FF-FF-FF-FF-FF-FF-FF-FF-FF-FF-FF-FF-FF-FF-0D
[09:16:35:841][HID_RX_data]50-49-01-C0-91-BD-01-00-03-00-0E-84-00
[09:16:35:841]50-49-01-C0-91-BD-01-00-03-00-0E-84-00
[09:16:35:841]hasPulse=False
[09:16:35:872]HidD_GetFeature=True,rx_len=12
[09:16:35:872][HID_RX]06-50-49-0E-C3-00-00-00-00-02-00-E0-00-FF-FF-FF-FF-FF-FF-FF-FF-FF-FF-FF-FF-FF-FF-FF-FF-FF-FF-FF-FF-FF-FF-FF-FF-FF-FF-FF-FF-FF-FF-FF-FF-FF-FF-FF-FF-FF-FF-FF-FF-FF-FF-FF-FF-FF-FF-FF-FF-FF-FF-0C
[09:16:35:872][HID_RX_data]50-49-0E-C3-00-00-00-00-02-00-E0-00
[09:16:35:872]50-49-0E-C3-00-00-00-00-02-00-E0-00-
[09:16:35:872]hasPulse=True
[09:16:35:872]rtk_RX_thread.waiting...
[09:16:35:872]REMOTE_GET_MODE=00
[09:16:35:872][HID_TX]06-04-03-08-00-50-41-06-05-02-00-43-C2-00-00-00-00-00-00-00-00-00-00-00-00-00-00-00-00-00-00-00-00-00-00-00-00-00-00-00-00-00-00-00-00-00-00-00-00-00-00-00-00-00-00-00-00-00-00-00-00-00-00-00-00-00-00-00-00-00-00-00-00-00-00-00-00-00-00-00-00-00-00-00-00-00-00-00-00-00-00-00-00-00-00-00-00-00-00-00-00-00-00-00-00-00-00-00-00-00-00-00-00-00-00-00-00-00-00-00-00-00-00-00-00-00-00-00-00-00-00-00-00-00-00-00-00-00-00-00-00-00-00-00-00-00-00-00-00-00-00-00-00-00-00-00-00-00-00-00-00-00-00-00-00-00-00-00-00-00-00-00-00-00-00-00-00-00-00-00-00-00-00-00-00-00-00-00-00-00-00-00-00-00-00-00-00-00-00-00-00-00-00-00-00-00-00-00-00-00-00-00-00-00-00-00-00-00-00-00-00-00-00-00-00-00-00-00-00-00-00-00-00-00-00-00-00-00-00-00-00-00-00-00-00-00-00-00-00-00-00-00-00-00-00-00-00-00-00-00-00-00-00-00-00-00-00-00-00-00-00-00-00-00-00-00-00-00-00-00-00-00-00-00-00-00-00-00-00-00-00-00-00-00-00-00-00-00-00-00-00-00-00-00-00-00-00-00-00-00-00-00-00-00-00-00-00-00-00-00-00-00-00-00-00-00-00-00-00-00-00-00-00-00-00-00-00-00-00-00-00-00-00-00-00-00-00-00-00-00-00-00-00-00-00-00-00-00-00-00-00-00-00-00-00-00-00-00-00-00-00-00-00-00-00-00-00-00-00-00-00-00-00-00-00-00-00-00-00-00-00-00-00-00-00-00-00-00-00-00-00-00-00-00-00-00-00-00-00-00-00-00-00-00-00-00-00-00-00-00-00-00-00-00-00-00-00-00-00-00-00-00-00-00-00-00-00-00-00-00-00-00-00-00-00-00-00-00-00-00-00-00-00-00-00-00-00-00-00-00-00-00-00-00-00-00-00-00-00-00-00-00-00-00-00-00-00-00-00-00-00-00-00-00-00-00-00-00-00-00-00-00-00-00-00-00-00-00-00-00-00-00-00-00-00-00-00-00-00-00-00-00-00-00-00
[09:16:35:892]HidD_SetOutputReport=True
[09:16:35:892][HID_TX_ack]06-5A-00-00-00-00-00-00
[09:16:35:892]50-41-06-05-02-00-43-C2 [CMD_SENT][CMD_READ_MP_DATA_BY_ID]
[09:16:35:922]HidD_GetFeature=True,rx_len=15
[09:16:35:922][HID_RX]06-50-49-01-C0-91-BD-01-00-05-00-06-85-00-30-32-FF-FF-FF-FF-FF-FF-FF-FF-FF-FF-FF-FF-FF-FF-FF-FF-FF-FF-FF-FF-FF-FF-FF-FF-FF-FF-FF-FF-FF-FF-FF-FF-FF-FF-FF-FF-FF-FF-FF-FF-FF-FF-FF-FF-FF-FF-FF-0F
[09:16:35:922][HID_RX_data]50-49-01-C0-91-BD-01-00-05-00-06-85-00-30-32
[09:16:35:922]50-49-01-C0-91-BD-01-00-05-00-06-85-00-30-32
[09:16:35:922]hasPulse=True
[09:16:35:922]rtk_RX_thread.waiting...
